
Bad Results
00 : Command Timeout
01 : Command Timeout
02 : Command Timeout
03 : Command Timeout
04 : Command Timeout
05 : Command Timeout
06 : Command Timeout
07 : Command Timeout
08 : Command Timeout
09 : Command Timeout
0a : Command Timeout
0b : Command Timeout
0c : Command Timeout
0d : Command Timeout
0e : Command Timeout
0f : Command Timeout
10 : Command Timeout
11 : Command Timeout
12 : Command Timeout
13 : Command Timeout
14 : Command Timeout
15 : Command Timeout
16 : Command Timeout
17 : Command Timeout
18 : Command Timeout
19 : Command Timeout
1a : Command Timeout
1b : Command Timeout
1c : Command Timeout
1d : Command Timeout
1e : Command Timeout
1f : Command Timeout
20 : Command Timeout
21 : Command Timeout
22 : Command Timeout
23 : Command Timeout
24 : Command Timeout
25 : Command Timeout
26 : Command Timeout
27 : Command Timeout
28 : Command Timeout
29 : Command Timeout
2a : Command Timeout
2b : Command Timeout
2c : Command Timeout
2d : Command Timeout
2e : Command Timeout
2f : Command Timeout
30 : Command Timeout
31 : Command Timeout
32 : Command Timeout
33 : Command Timeout
34 : Command Timeout
35 : Command Timeout
36 : Command Timeout
37 : Command Timeout
38 : Command Timeout
39 : Command Timeout
3a : Command Timeout
3b : Command Timeout
3c : Command Timeout
3d : Command Timeout
3e : Command Timeout
3f : Command Timeout
40 : Command Timeout
41 : Command Timeout
42 : Command Timeout
43 : Command Timeout
44 : Command Timeout
45 : Command Timeout
46 : Command Timeout
47 : Command Timeout
48 : Command Timeout
49 : Command Timeout
4a : Command Timeout
4b : Command Timeout
4c : Command Timeout
4d : Command Timeout
4e : Command Timeout
4f : Command Timeout
50 : Command Timeout
51 : Command Timeout
52 : Command Timeout
53 : Command Timeout
54 : Command Timeout
55 : Command Timeout
56 : Command Timeout
57 : Command Timeout
58 : Command Timeout
59 : Command Timeout
5a : Command Timeout
5b : Command Timeout
5c : Command Timeout
5d : Command Timeout
5e : Command Timeout
5f : Command Timeout
60 : Command Timeout
61 : Command Timeout
62 : Command Timeout
63 : Command Timeout
64 : Command Timeout
65 : Command Timeout
66 : Command Timeout
67 : Command Timeout
68 : Command Timeout
69 : Command Timeout
6a : Login Timeout
6b : Login Timeout
6c : Command Timeout
6d : Command Timeout
6e : Command Timeout
6f : Command Timeout
70 : Login Timeout
71 : Command Timeout
72 : Command Timeout
73 : Command Timeout
74 : Command Timeout
75 : Login Timeout
76 : Login Timeout
77 : Login Timeout
78 : Login Timeout
79 : Login Timeout
7a : Login Timeout
7b : Login Timeout
7c : Login Timeout
7d : Login Timeout
7e : Login Timeout
7f : Login Timeout
80 : Login Timeout
81 : Login Timeout
82 : Login Timeout
83 : Login Timeout
84 : Login Timeout
85 : Login Timeout
86 : Login Timeout
87 : Login Timeout
88 : Login Timeout
89 : Login Timeout
8a : Login Timeout
8b : Login Timeout
8c : Login Timeout
8d : Login Timeout
8e : Login Timeout
8f : Login Timeout
90 : Login Timeout
91 : Login Timeout
92 : Login Timeout
93 : Login Timeout
94 : Login Timeout
95 : Login Timeout
96 : Login Timeout
97 : Login Timeout
98 : Login Timeout
99 : Login Timeout
9a : Login Timeout
9b : Login Timeout
9c : Login Timeout
9d : Login Timeout
9e : Login Timeout
9f : Login Timeout
a0 : Login Timeout
a1 : Login Timeout
a2 : Login Timeout
a3 : Login Timeout
a4 : Login Timeout
a5 : Login Timeout
a6 : Login Timeout
a7 : Login Timeout
a8 : Login Timeout
a9 : Login Timeout
aa : Login Timeout
ab : Login Timeout
ac : Login Timeout
ad : Login Timeout
ae : Login Timeout
af : Login Timeout
b0 : Login Timeout
b1 : Login Timeout
b2 : Login Timeout
b3 : Login Timeout
b4 : Login Timeout
b5 : Login Timeout
b6 : Login Timeout
b7 : Login Timeout
b8 : Login Timeout
b9 : Login Timeout
ba : Login Timeout
bb : Login Timeout
bc : Login Timeout
bd : Login Timeout
be : Login Timeout
bf : Login Timeout
c0 : Login Timeout
c1 : Login Timeout
c2 : Login Timeout
c3 : Login Timeout
c4 : Login Timeout
c5 : Login Timeout
c6 : Login Timeout
c7 : Login Timeout
c8 : Login Timeout
c9 : Login Timeout
ca : Login Timeout
cb : Login Timeout
cc : Login Timeout
cd : Login Timeout
ce : Login Timeout
cf : Login Timeout
d0 : Login Timeout
d1 : Login Timeout
d2 : Login Timeout
d3 : Login Timeout
d4 : Login Timeout
d5 : Login Timeout
d6 : Login Timeout
d7 : Login Timeout
d8 : Login Timeout
d9 : Login Timeout
da : Login Timeout
db : Login Timeout
dc : Login Timeout
dd : Login Timeout
de : Login Timeout
df : Login Timeout
e0 : Login Timeout
e1 : Login Timeout
e2 : Login Timeout
e3 : Login Timeout
e4 : Login Timeout
e5 : Login Timeout
e6 : Login Timeout
e7 : Login Timeout
e8 : Login Timeout
e9 : Login Timeout
ea : Login Timeout
eb : Login Timeout
ec : Login Timeout
ed : Login Timeout
ee : Login Timeout
ef : Login Timeout
f0 : Login Timeout
f1 : Login Timeout
f2 : Login Timeout
f3 : Login Timeout
f4 : Login Timeout
f5 : Login Timeout
f6 : Login Timeout
f7 : Login Timeout
f8 : Login Timeout
f9 : Login Timeout
fa : Login Timeout
fb : Login Timeout
fc : Login Timeout
fd : Login Timeout
fe : Login Timeout
ff : Login Timeout
