Command results: Started at 2019-04-14 16:08:50 -07:00
Total time: 02:52:17.104226000
"{ \"AliveInterval\" : 0, \"ChannelNum\" : 0, \"DeviceType \" : \"DVR\", \"ExtraChannel\" : 11235212, \"Ret\" : 205, \"SessionID\" : \"0x00004197\" }\n"
    Bytes: ["0x03e8"]
"{ \"Name\" : \"\", \"Ret\" : 102, \"SessionID\" : \"0x000004D2\" }\n"
    Bytes: ["0x03f2"]
"{ \"Name\" : \"OPMonitor\", \"Ret\" : 103, \"SessionID\" : \"0x000004D2\" }\n"
    Bytes: ["0x0585"]
"{ \"Name\" : \"OPPlayBack\", \"Ret\" : 103, \"SessionID\" : \"0x000004D2\" }\n"
    Bytes: ["0x0590"]
"{ \"Name\" : \"OPTalk\", \"Ret\" : 103, \"SessionID\" : \"0x000004D2\" }\n"
    Bytes: ["0x059a"]
"{ \"Name\" : \"SystemInfo\", \"Ret\" : 103, \"SessionID\" : \"0x000004d2\", \"authorizeStat\" : null }\n"
    Bytes: ["0x0672"]

Bad Results
0300 : Command Timeout
0301 : Command Timeout
0302 : Command Timeout
0303 : Command Timeout
0304 : Command Timeout
0305 : Command Timeout
0306 : Command Timeout
0307 : Command Timeout
0308 : Command Timeout
0309 : Command Timeout
030a : Command Timeout
030b : Command Timeout
030c : Command Timeout
030d : Command Timeout
030e : Command Timeout
030f : Command Timeout
0310 : Command Timeout
0311 : Command Timeout
0312 : Command Timeout
0313 : Command Timeout
0314 : Command Timeout
0315 : Command Timeout
0316 : Command Timeout
0317 : Command Timeout
0318 : Command Timeout
0319 : Command Timeout
031a : Command Timeout
031b : Command Timeout
031c : Command Timeout
031d : Command Timeout
031e : Command Timeout
031f : Command Timeout
0320 : Command Timeout
0321 : Command Timeout
0322 : Command Timeout
0323 : Command Timeout
0324 : Command Timeout
0325 : Command Timeout
0326 : Command Timeout
0327 : Command Timeout
0328 : Command Timeout
0329 : Command Timeout
032a : Command Timeout
032b : Command Timeout
032c : Command Timeout
032d : Command Timeout
032e : Command Timeout
032f : Command Timeout
0330 : Command Timeout
0331 : Command Timeout
0332 : Command Timeout
0333 : Command Timeout
0334 : Command Timeout
0335 : Command Timeout
0336 : Command Timeout
0337 : Command Timeout
0338 : Command Timeout
0339 : Command Timeout
033a : Command Timeout
033b : Command Timeout
033c : Command Timeout
033d : Command Timeout
033e : Command Timeout
033f : Command Timeout
0340 : Command Timeout
0341 : Command Timeout
0342 : Command Timeout
0343 : Command Timeout
0344 : Command Timeout
0345 : Command Timeout
0346 : Command Timeout
0347 : Command Timeout
0348 : Command Timeout
0349 : Command Timeout
034a : Command Timeout
034b : Command Timeout
034c : Command Timeout
034d : Command Timeout
034e : Command Timeout
034f : Command Timeout
0350 : Command Timeout
0351 : Command Timeout
0352 : Command Timeout
0353 : Command Timeout
0354 : Command Timeout
0355 : Command Timeout
0356 : Command Timeout
0357 : Command Timeout
0358 : Command Timeout
0359 : Command Timeout
035a : Command Timeout
035b : Command Timeout
035c : Command Timeout
035d : Command Timeout
035e : Command Timeout
035f : Command Timeout
0360 : Command Timeout
0361 : Command Timeout
0362 : Command Timeout
0363 : Command Timeout
0364 : Command Timeout
0365 : Command Timeout
0366 : Command Timeout
0367 : Command Timeout
0368 : Command Timeout
0369 : Command Timeout
036a : Command Timeout
036b : Command Timeout
036c : Command Timeout
036d : Command Timeout
036e : Command Timeout
036f : Command Timeout
0370 : Command Timeout
0371 : Command Timeout
0372 : Command Timeout
0373 : Command Timeout
0374 : Command Timeout
0375 : Command Timeout
0376 : Command Timeout
0377 : Command Timeout
0378 : Command Timeout
0379 : Command Timeout
037a : Command Timeout
037b : Command Timeout
037c : Command Timeout
037d : Command Timeout
037e : Command Timeout
037f : Command Timeout
0380 : Command Timeout
0381 : Command Timeout
0382 : Command Timeout
0383 : Command Timeout
0384 : Command Timeout
0385 : Command Timeout
0386 : Command Timeout
0387 : Command Timeout
0388 : Command Timeout
0389 : Command Timeout
038a : Command Timeout
038b : Command Timeout
038c : Command Timeout
038d : Command Timeout
038e : Command Timeout
038f : Command Timeout
0390 : Command Timeout
0391 : Command Timeout
0392 : Command Timeout
0393 : Command Timeout
0394 : Command Timeout
0395 : Command Timeout
0396 : Command Timeout
0397 : Command Timeout
0398 : Command Timeout
0399 : Command Timeout
039a : Command Timeout
039b : Command Timeout
039c : Command Timeout
039d : Command Timeout
039e : Command Timeout
039f : Command Timeout
03a0 : Command Timeout
03a1 : Command Timeout
03a2 : Command Timeout
03a3 : Command Timeout
03a4 : Command Timeout
03a5 : Command Timeout
03a6 : Command Timeout
03a7 : Command Timeout
03a8 : Command Timeout
03a9 : Command Timeout
03aa : Command Timeout
03ab : Command Timeout
03ac : Command Timeout
03ad : Command Timeout
03ae : Command Timeout
03af : Command Timeout
03b0 : Command Timeout
03b1 : Command Timeout
03b2 : Command Timeout
03b3 : Command Timeout
03b4 : Command Timeout
03b5 : Command Timeout
03b6 : Command Timeout
03b7 : Command Timeout
03b8 : Command Timeout
03b9 : Command Timeout
03ba : Command Timeout
03bb : Command Timeout
03bc : Command Timeout
03bd : Command Timeout
03be : Command Timeout
03bf : Command Timeout
03c0 : Command Timeout
03c1 : Command Timeout
03c2 : Command Timeout
03c3 : Command Timeout
03c4 : Command Timeout
03c5 : Command Timeout
03c6 : Command Timeout
03c7 : Command Timeout
03c8 : Command Timeout
03c9 : Command Timeout
03ca : Command Timeout
03cb : Command Timeout
03cc : Command Timeout
03cd : Command Timeout
03ce : Command Timeout
03cf : Command Timeout
03d0 : Command Timeout
03d1 : Command Timeout
03d2 : Command Timeout
03d3 : Command Timeout
03d4 : Command Timeout
03d5 : Command Timeout
03d6 : Command Timeout
03d7 : Command Timeout
03d8 : Command Timeout
03d9 : Command Timeout
03da : Command Timeout
03db : Command Timeout
03dc : Command Timeout
03dd : Command Timeout
03de : Command Timeout
03df : Command Timeout
03e0 : Command Timeout
03e1 : Command Timeout
03e2 : Command Timeout
03e3 : Command Timeout
03e4 : Command Timeout
03e5 : Command Timeout
03e6 : Command Timeout
03e7 : Command Timeout
03e9 : Command Timeout
03ea : Command Timeout
03eb : Command Timeout
03ec : Command Timeout
03ed : Command Timeout
03ee : Command Timeout
03ef : Command Timeout
03f0 : Command Timeout
03f1 : Command Timeout
03f3 : Command Timeout
03f4 : Command Timeout
03f5 : Command Timeout
03f6 : Command Timeout
03f7 : Command Timeout
03f8 : Command Timeout
03f9 : Command Timeout
03fa : Command Timeout
03fb : Command Timeout
03fc : Command Timeout
03fd : Command Timeout
03fe : Command Timeout
03ff : Command Timeout
0400 : Command Timeout
0401 : Command Timeout
0402 : Command Timeout
0403 : Command Timeout
0404 : Command Timeout
0405 : Command Timeout
0406 : Command Timeout
0407 : Command Timeout
0408 : Command Timeout
0409 : Command Timeout
040a : Command Timeout
040b : Command Timeout
040c : Command Timeout
040d : Command Timeout
040e : Command Timeout
040f : Command Timeout
0410 : Command Timeout
0411 : Command Timeout
0412 : Command Timeout
0413 : Command Timeout
0414 : Command Timeout
0415 : Command Timeout
0416 : Command Timeout
0417 : Command Timeout
0418 : Command Timeout
0419 : Command Timeout
041a : Command Timeout
041b : Command Timeout
041c : Command Timeout
041d : Command Timeout
041e : Command Timeout
041f : Command Timeout
0420 : Command Timeout
0421 : Command Timeout
0422 : Command Timeout
0423 : Command Timeout
0424 : Command Timeout
0425 : Command Timeout
0426 : Command Timeout
0427 : Command Timeout
0428 : Command Timeout
0429 : Command Timeout
042a : Command Timeout
042b : Command Timeout
042c : Command Timeout
042d : Command Timeout
042e : Command Timeout
042f : Command Timeout
0430 : Command Timeout
0431 : Command Timeout
0432 : Command Timeout
0433 : Command Timeout
0434 : Command Timeout
0435 : Command Timeout
0436 : Command Timeout
0437 : Command Timeout
0438 : Command Timeout
0439 : Command Timeout
043a : Command Timeout
043b : Command Timeout
043c : Command Timeout
043d : Command Timeout
043e : Command Timeout
043f : Command Timeout
0440 : Command Timeout
0441 : Command Timeout
0442 : Command Timeout
0443 : Command Timeout
0444 : Command Timeout
0445 : Command Timeout
0446 : Command Timeout
0447 : Command Timeout
0448 : Command Timeout
0449 : Command Timeout
044a : Command Timeout
044b : Command Timeout
044c : Command Timeout
044d : Command Timeout
044e : Command Timeout
044f : Command Timeout
0450 : Command Timeout
0451 : Command Timeout
0452 : Command Timeout
0453 : Command Timeout
0454 : Command Timeout
0455 : Command Timeout
0456 : Command Timeout
0457 : Command Timeout
0458 : Command Timeout
0459 : Command Timeout
045a : Command Timeout
045b : Command Timeout
045c : Command Timeout
045d : Command Timeout
045e : Command Timeout
045f : Command Timeout
0460 : Command Timeout
0461 : Command Timeout
0462 : Command Timeout
0463 : Command Timeout
0464 : Command Timeout
0465 : Command Timeout
0466 : Command Timeout
0467 : Command Timeout
0468 : Command Timeout
0469 : Command Timeout
046a : Command Timeout
046b : Command Timeout
046c : Command Timeout
046d : Command Timeout
046e : Command Timeout
046f : Command Timeout
0470 : Command Timeout
0471 : Command Timeout
0472 : Command Timeout
0473 : Command Timeout
0474 : Command Timeout
0475 : Command Timeout
0476 : Command Timeout
0477 : Command Timeout
0478 : Command Timeout
0479 : Command Timeout
047a : Command Timeout
047b : Command Timeout
047c : Command Timeout
047d : Command Timeout
047e : Command Timeout
047f : Command Timeout
0480 : Command Timeout
0481 : Command Timeout
0482 : Command Timeout
0483 : Command Timeout
0484 : Command Timeout
0485 : Command Timeout
0486 : Command Timeout
0487 : Command Timeout
0488 : Command Timeout
0489 : Command Timeout
048a : Command Timeout
048b : Command Timeout
048c : Command Timeout
048d : Command Timeout
048e : Command Timeout
048f : Command Timeout
0490 : Command Timeout
0491 : Command Timeout
0492 : Command Timeout
0493 : Command Timeout
0494 : Command Timeout
0495 : Command Timeout
0496 : Command Timeout
0497 : Command Timeout
0498 : Command Timeout
0499 : Command Timeout
049a : Command Timeout
049b : Command Timeout
049c : Command Timeout
049d : Command Timeout
049e : Command Timeout
049f : Command Timeout
04a0 : Command Timeout
04a1 : Command Timeout
04a2 : Command Timeout
04a3 : Command Timeout
04a4 : Command Timeout
04a5 : Command Timeout
04a6 : Command Timeout
04a7 : Command Timeout
04a8 : Command Timeout
04a9 : Command Timeout
04aa : Command Timeout
04ab : Command Timeout
04ac : Command Timeout
04ad : Command Timeout
04ae : Command Timeout
04af : Command Timeout
04b0 : Command Timeout
04b1 : Command Timeout
04b2 : Command Timeout
04b3 : Command Timeout
04b4 : Command Timeout
04b5 : Command Timeout
04b6 : Command Timeout
04b7 : Command Timeout
04b8 : Command Timeout
04b9 : Command Timeout
04ba : Command Timeout
04bb : Command Timeout
04bc : Command Timeout
04bd : Command Timeout
04be : Command Timeout
04bf : Command Timeout
04c0 : Command Timeout
04c1 : Command Timeout
04c2 : Command Timeout
04c3 : Command Timeout
04c4 : Command Timeout
04c5 : Command Timeout
04c6 : Command Timeout
04c7 : Command Timeout
04c8 : Command Timeout
04c9 : Command Timeout
04ca : Command Timeout
04cb : Command Timeout
04cc : Command Timeout
04cd : Command Timeout
04ce : Command Timeout
04cf : Command Timeout
04d0 : Command Timeout
04d1 : Command Timeout
04d2 : Command Timeout
04d3 : Command Timeout
04d4 : Command Timeout
04d5 : Command Timeout
04d6 : Command Timeout
04d7 : Command Timeout
04d8 : Command Timeout
04d9 : Command Timeout
04da : Command Timeout
04db : Command Timeout
04dc : Command Timeout
04dd : Command Timeout
04de : Command Timeout
04df : Command Timeout
04e0 : Command Timeout
04e1 : Command Timeout
04e2 : Command Timeout
04e3 : Command Timeout
04e4 : Command Timeout
04e5 : Command Timeout
04e6 : Command Timeout
04e7 : Command Timeout
04e8 : Command Timeout
04e9 : Command Timeout
04ea : Command Timeout
04eb : Command Timeout
04ec : Command Timeout
04ed : Command Timeout
04ee : Command Timeout
04ef : Command Timeout
04f0 : Command Timeout
04f1 : Command Timeout
04f2 : Command Timeout
04f3 : Command Timeout
04f4 : Command Timeout
04f5 : Command Timeout
04f6 : Command Timeout
04f7 : Command Timeout
04f8 : Command Timeout
04f9 : Command Timeout
04fa : Command Timeout
04fb : Command Timeout
04fc : Command Timeout
04fd : Command Timeout
04fe : Command Timeout
04ff : Command Timeout
0500 : Command Timeout
0501 : Command Timeout
0502 : Command Timeout
0503 : Command Timeout
0504 : Command Timeout
0505 : Command Timeout
0506 : Command Timeout
0507 : Command Timeout
0508 : Command Timeout
0509 : Command Timeout
050a : Command Timeout
050b : Command Timeout
050c : Command Timeout
050d : Command Timeout
050e : Command Timeout
050f : Command Timeout
0510 : Command Timeout
0511 : Command Timeout
0512 : Command Timeout
0513 : Command Timeout
0514 : Command Timeout
0515 : Command Timeout
0516 : Command Timeout
0517 : Command Timeout
0518 : Command Timeout
0519 : Command Timeout
051a : Command Timeout
051b : Command Timeout
051c : Command Timeout
051d : Command Timeout
051e : Command Timeout
051f : Command Timeout
0520 : Command Timeout
0521 : Command Timeout
0522 : Command Timeout
0523 : Command Timeout
0524 : Command Timeout
0525 : Command Timeout
0526 : Command Timeout
0527 : Command Timeout
0528 : Command Timeout
0529 : Command Timeout
052a : Command Timeout
052b : Command Timeout
052c : Command Timeout
052d : Command Timeout
052e : Command Timeout
052f : Command Timeout
0530 : Command Timeout
0531 : Command Timeout
0532 : Command Timeout
0533 : Command Timeout
0534 : Command Timeout
0535 : Command Timeout
0536 : Command Timeout
0537 : Command Timeout
0538 : Command Timeout
0539 : Command Timeout
053a : Command Timeout
053b : Command Timeout
053c : Command Timeout
053d : Command Timeout
053e : Command Timeout
053f : Command Timeout
0540 : Command Timeout
0541 : Command Timeout
0542 : Command Timeout
0543 : Command Timeout
0544 : Command Timeout
0545 : Command Timeout
0546 : Command Timeout
0547 : Command Timeout
0548 : Command Timeout
0549 : Command Timeout
054a : Command Timeout
054b : Command Timeout
054c : Command Timeout
054d : Command Timeout
054e : Command Timeout
054f : Command Timeout
0550 : Command Timeout
0551 : Command Timeout
0552 : Command Timeout
0553 : Command Timeout
0554 : Command Timeout
0555 : Command Timeout
0556 : Command Timeout
0557 : Command Timeout
0558 : Command Timeout
0559 : Command Timeout
055a : Command Timeout
055b : Command Timeout
055c : Command Timeout
055d : Command Timeout
055e : Command Timeout
055f : Command Timeout
0560 : Command Timeout
0561 : Command Timeout
0562 : Command Timeout
0563 : Command Timeout
0564 : Command Timeout
0565 : Command Timeout
0566 : Command Timeout
0567 : Command Timeout
0568 : Command Timeout
0569 : Command Timeout
056a : Command Timeout
056b : Command Timeout
056c : Command Timeout
056d : Command Timeout
056e : Command Timeout
056f : Command Timeout
0570 : Command Timeout
0571 : Command Timeout
0572 : Command Timeout
0573 : Command Timeout
0574 : Command Timeout
0575 : Command Timeout
0576 : Command Timeout
0577 : Command Timeout
0578 : Command Timeout
0579 : Command Timeout
057a : Command Timeout
057b : Command Timeout
057c : Command Timeout
057d : Command Timeout
057e : Command Timeout
057f : Command Timeout
0580 : Command Timeout
0581 : Command Timeout
0582 : Command Timeout
0583 : Command Timeout
0584 : Command Timeout
0586 : Command Timeout
0587 : Command Timeout
0588 : Command Timeout
0589 : Command Timeout
058a : Command Timeout
058b : Command Timeout
058c : Command Timeout
058d : Command Timeout
058e : Command Timeout
058f : Command Timeout
0591 : Command Timeout
0592 : Command Timeout
0593 : Command Timeout
0594 : Command Timeout
0595 : Command Timeout
0596 : Command Timeout
0597 : Command Timeout
0598 : Command Timeout
0599 : Command Timeout
059b : Command Timeout
059c : Command Timeout
059d : Command Timeout
059e : Command Timeout
059f : Command Timeout
05a0 : Command Timeout
05a1 : Command Timeout
05a2 : Command Timeout
05a3 : Command Timeout
05a4 : Command Timeout
05a5 : Command Timeout
05a6 : Command Timeout
05a7 : Command Timeout
05a8 : Command Timeout
05a9 : Command Timeout
05aa : Command Timeout
05ab : Command Timeout
05ac : Command Timeout
05ad : Command Timeout
05ae : Command Timeout
05af : Command Timeout
05b0 : Command Timeout
05b1 : Command Timeout
05b2 : Command Timeout
05b3 : Command Timeout
05b4 : Command Timeout
05b5 : Command Timeout
05b6 : Command Timeout
05b7 : Command Timeout
05b8 : Command Timeout
05b9 : Command Timeout
05ba : Command Timeout
05bb : Command Timeout
05bc : Command Timeout
05bd : Command Timeout
05be : Command Timeout
05bf : Command Timeout
05c0 : Command Timeout
05c1 : Command Timeout
05c2 : Command Timeout
05c3 : Command Timeout
05c4 : Command Timeout
05c5 : Command Timeout
05c6 : Command Timeout
05c7 : Command Timeout
05c8 : Command Timeout
05c9 : Command Timeout
05ca : Command Timeout
05cb : Command Timeout
05cc : Command Timeout
05cd : Command Timeout
05ce : Command Timeout
05cf : Command Timeout
05d0 : Command Timeout
05d1 : Command Timeout
05d2 : Command Timeout
05d3 : Command Timeout
05d4 : Command Timeout
05d5 : Command Timeout
05d6 : Command Timeout
05d7 : Command Timeout
05d8 : Command Timeout
05d9 : Command Timeout
05da : Command Timeout
05db : Command Timeout
05dc : Command Timeout
05dd : Command Timeout
05de : Command Timeout
05df : Command Timeout
05e0 : Command Timeout
05e1 : Command Timeout
05e2 : Command Timeout
05e3 : Command Timeout
05e4 : Command Timeout
05e5 : Command Timeout
05e6 : Command Timeout
05e7 : Command Timeout
05e8 : Command Timeout
05e9 : Command Timeout
05ea : Command Timeout
05eb : Command Timeout
05ec : Command Timeout
05ed : Command Timeout
05ee : Command Timeout
05ef : Command Timeout
05f0 : Command Timeout
05f1 : Command Timeout
05f2 : Command Timeout
05f3 : Command Timeout
05f4 : Command Timeout
05f5 : Command Timeout
05f6 : Command Timeout
05f7 : Command Timeout
05f8 : Command Timeout
05f9 : Command Timeout
05fa : Command Timeout
05fb : Command Timeout
05fc : Command Timeout
05fd : Command Timeout
05fe : Command Timeout
05ff : Command Timeout
0600 : Command Timeout
0601 : Command Timeout
0602 : Command Timeout
0603 : Command Timeout
0604 : Command Timeout
0605 : Command Timeout
0606 : Command Timeout
0607 : Command Timeout
0608 : Command Timeout
0609 : Command Timeout
060a : Command Timeout
060b : Command Timeout
060c : Command Timeout
060d : Command Timeout
060e : Command Timeout
060f : Command Timeout
0610 : Command Timeout
0611 : Command Timeout
0612 : Command Timeout
0613 : Command Timeout
0614 : Command Timeout
0615 : Command Timeout
0616 : Command Timeout
0617 : Command Timeout
0618 : Command Timeout
0619 : Command Timeout
061a : Command Timeout
061b : Command Timeout
061c : Command Timeout
061d : Command Timeout
061e : Command Timeout
061f : Command Timeout
0620 : Command Timeout
0621 : Command Timeout
0622 : Command Timeout
0623 : Command Timeout
0624 : Command Timeout
0625 : Command Timeout
0626 : Command Timeout
0627 : Command Timeout
0628 : Command Timeout
0629 : Command Timeout
062a : Command Timeout
062b : Command Timeout
062c : Command Timeout
062d : Command Timeout
062e : Command Timeout
062f : Command Timeout
0630 : Command Timeout
0631 : Command Timeout
0632 : Command Timeout
0633 : Command Timeout
0634 : Command Timeout
0635 : Command Timeout
0636 : Command Timeout
0637 : Command Timeout
0638 : Command Timeout
0639 : Command Timeout
063a : Command Timeout
063b : Command Timeout
063c : Command Timeout
063d : Command Timeout
063e : Command Timeout
063f : Command Timeout
0640 : Command Timeout
0641 : Command Timeout
0642 : Command Timeout
0643 : Command Timeout
0644 : Command Timeout
0645 : Command Timeout
0646 : Command Timeout
0647 : Command Timeout
0648 : Command Timeout
0649 : Command Timeout
064a : Command Timeout
064b : Command Timeout
064c : Command Timeout
064d : Command Timeout
064e : Command Timeout
064f : Command Timeout
0650 : Command Timeout
0651 : Command Timeout
0652 : Command Timeout
0653 : Command Timeout
0654 : Command Timeout
0655 : Command Timeout
0656 : Command Timeout
0657 : Command Timeout
0658 : Command Timeout
0659 : Command Timeout
065a : Command Timeout
065b : Command Timeout
065c : Command Timeout
065d : Command Timeout
065e : Command Timeout
065f : Command Timeout
0660 : Command Timeout
0661 : Command Timeout
0662 : Command Timeout
0663 : Command Timeout
0664 : Command Timeout
0665 : Command Timeout
0666 : Command Timeout
0667 : Command Timeout
0668 : Command Timeout
0669 : Command Timeout
066a : Command Timeout
066b : Command Timeout
066c : Command Timeout
066d : Command Timeout
066e : Command Timeout
066f : Command Timeout
0670 : Command Timeout
0671 : Command Timeout
0673 : Command Timeout
0674 : Command Timeout
0675 : Command Timeout
0676 : Command Timeout
0677 : Command Timeout
0678 : Command Timeout
0679 : Command Timeout
067a : Command Timeout
067b : Command Timeout
067c : Command Timeout
067d : Command Timeout
067e : Command Timeout
067f : Command Timeout
0680 : Command Timeout
0681 : Command Timeout
0682 : Command Timeout
0683 : Command Timeout
0684 : Command Timeout
0685 : Command Timeout
0686 : Command Timeout
0687 : Command Timeout
0688 : Command Timeout
0689 : Command Timeout
068a : Command Timeout
068b : Command Timeout
068c : Command Timeout
068d : Command Timeout
068e : Command Timeout
068f : Command Timeout
0690 : Command Timeout
0691 : Command Timeout
0692 : Command Timeout
0693 : Command Timeout
0694 : Command Timeout
0695 : Command Timeout
0696 : Command Timeout
0697 : Command Timeout
0698 : Command Timeout
0699 : Command Timeout
069a : Command Timeout
069b : Command Timeout
069c : Command Timeout
069d : Command Timeout
069e : Command Timeout
069f : Command Timeout
06a0 : Command Timeout
06a1 : Command Timeout
06a2 : Command Timeout
06a3 : Command Timeout
06a4 : Command Timeout
06a5 : Command Timeout
06a6 : Command Timeout
06a7 : Command Timeout
06a8 : Command Timeout
06a9 : Command Timeout
06aa : Command Timeout
06ab : Command Timeout
06ac : Command Timeout
06ad : Command Timeout
06ae : Command Timeout
06af : Command Timeout
06b0 : Command Timeout
06b1 : Command Timeout
06b2 : Command Timeout
06b3 : Command Timeout
06b4 : Command Timeout
06b5 : Command Timeout
06b6 : Command Timeout
06b7 : Command Timeout
06b8 : Command Timeout
06b9 : Command Timeout
06ba : Command Timeout
06bb : Command Timeout
06bc : Command Timeout
06bd : Command Timeout
06be : Command Timeout
06bf : Command Timeout
06c0 : Command Timeout
06c1 : Command Timeout
06c2 : Command Timeout
06c3 : Command Timeout
06c4 : Command Timeout
06c5 : Command Timeout
06c6 : Command Timeout
06c7 : Command Timeout
06c8 : Command Timeout
06c9 : Command Timeout
06ca : Command Timeout
06cb : Command Timeout
06cc : Command Timeout
06cd : Command Timeout
06ce : Command Timeout
06cf : Command Timeout
06d0 : Command Timeout
06d1 : Command Timeout
06d2 : Command Timeout
06d3 : Command Timeout
06d4 : Command Timeout
06d5 : Command Timeout
06d6 : Command Timeout
06d7 : Command Timeout
06d8 : Command Timeout
06d9 : Command Timeout
06da : Command Timeout
06db : Command Timeout
06dc : Command Timeout
06dd : Command Timeout
06de : Command Timeout
06df : Command Timeout
06e0 : Command Timeout
06e1 : Command Timeout
06e2 : Command Timeout
06e3 : Command Timeout
06e4 : Command Timeout
06e5 : Command Timeout
06e6 : Command Timeout
06e7 : Command Timeout
06e8 : Command Timeout
06e9 : Command Timeout
06ea : Command Timeout
06eb : Command Timeout
06ec : Command Timeout
06ed : Command Timeout
06ee : Command Timeout
06ef : Command Timeout
06f0 : Command Timeout
06f1 : Command Timeout
06f2 : Command Timeout
06f3 : Command Timeout
06f4 : Command Timeout
06f5 : Command Timeout
06f6 : Command Timeout
06f7 : Command Timeout
06f8 : Command Timeout
06f9 : Command Timeout
06fa : Command Timeout
06fb : Command Timeout
06fc : Command Timeout
06fd : Command Timeout
06fe : Command Timeout
06ff : Command Timeout
