SENT: "\xFF\u0001\u0000\u0000\u0000\xEFͫ\u0000\u0000\u0000\u0000\u0000\u0000\x85\u0005\xA0\u0000\u0000\u0000{\"Name\":\"OPMonitor\":{\"Action\":\"Claim\",\"Parameter\":{\"Channel\"󠁚:0,\"CombinMode\":\"NONE\",\"StreamType\":\"Main\",\"TransMode\":\"TCP\"}},\"SessionID\":\"0xAbcdef00\"}"
ERROR: #<MagicError::ReceiveTimeout:>
SENT: "\xFF\u0001\u0000\u0000\u0000\xEFͫ\u0000\u0000\u0000\u0000\u0000\u0000\x85\u0005\xA0\u0000\u0000\u0000{\"Name\":\"OPMonitor\",\"OPMonitor\":{\"Action\":\"Claim\",\"Parameter\":{\"Channel\":0,\"CombinMode\":\"NONE\",\"StreamType\":\"Main\",\"TransMode\":\"TCP\"}},\"SessionID\":\"-1537792xAbcdef00\"}"
GOT: "{ \"Name\" : \"OPMonitor\", \"Ret\" : 103, \"SessionID\" : \"0xABCDEF00\" }\n"
SENT: "\xFF\u0001\u0000\u0000\u0000\xEFͫ\u0000\u0000\u0000\u0000\u0000\u0000\x85\u0005\xA0\u0000\u0000\u0000{\"Name\":\"OPMonitor\":{\"Action\":\"Claim\",\"Parameter\":{\"Channel\":-607560284771331089945430167517,\"CombinMode\":\"0xAbcdef-65536\"}"
ERROR: #<MagicError::ReceiveTimeout:>
SENT: "\xFF\u0001\u0000\u0000\u0000\xEFͫ\u0000\u0000\u0000\u0000\u0000\u0000\x85\u0005\xA0\u0000\u0000\u0000{\"Name\":\"OPMonitor\"󠀾,\"OPMonitor\":{\"Action\":\"Claim\",\"Parameter\":{\"Channel\":0,\"CombinMode\":\"NONE\",\"StreamType\":\"Main\",\"TransMode\":\"TCP\"}},\"SessionID\":\"0xAbcdef00\"}"
GOT: "{ \"Name\" : \"OPMonitor\", \"Ret\" : 103, \"SessionID\" : \"0xABCDEF00\" }\n"
SENT: "\xFF\u0001\u0000\u0000\u0000\xEFͫ\u0000\u0000\u0000\u0000\u0000\u0000\x85\u0005\xA0\u0000\u0000\u0000{\"Name\":\"OPMonitor\",\"OPMonitor\":{\"Action\":\"Claim\",\"OPMonitor\":{\"Action\":\"Claim\",\"Parameter\":{\"Channe\xFF\u0001\u0000\u0000\u0000\xEFͫ\u0000\u0000\u0000\u0000\u0000\u0000\x85\u0005\xA0\u0000\u0000\u0000{\"Name\":\"OPMonitor\",\"OPMonitor\":{\"Action\":\"Claim\",\"Parameter\":{\"Channel\":0,\"CombinMode\":\"NONE\",\"StreamType\":\"Main\",\"TransMode\":\"TCP\"}},\"SessionID\":\"-32767ansMode\":\"TCP\"}},\"StreamType\":\"Main\",\"TransMode\":\"-10054229411836xAbcdef2147483648\"}},\"SessionID\":\"TCP\"}"
GOT: "{ \"Name\" : \"OPMonitor\", \"Ret\" : 103, \"SessionID\" : \"0xABCDEF00\" }\n"
SENT: "\xFF\u0001\u0000\u0000\u0000\xEFͫ\u0000\u0000\u0000\u0000\u0000\u0000\x85\u0005\xA0\u0000\u0000\u0000{\"Name\":\"OPMonitor\",\"OPMonito󠀬r\":{\"Action\":\"Claim\",\"Parameter\":{\"Ch󠁊annel\":0,\"Combi󠀹nMode\":\"NONE\",\"StreamType\":\"Main\",\"TransMode\":\"T󠀶CP\"}},\"Se ssionID\":\"0xAbc󠁼def2\"}"
GOT: "{ \"Name\" : \"OPMonitor\", \"Ret\" : 103, \"SessionID\" : \"0xABCDEF00\" }\n"
SENT: "\xFF\u0001\u0000\u0000\u0000\xEFͫ\u0000\u0000\u0000\u0000\u0000\u0000\x85\u0005\xA0\u0000\u0000\u0000{\"Name\":\"OPMonitor\",\"OPMonitor\":{\"Action\":\"Claim\",\"Parameter\":{\"Channel\":0,\"CombinMode\":\"NONE\",\"StreamType\":\"Main\",\"TransMode\":\"TCP\"}},\"SessionID\":\"1xAbcdef00\"}"
GOT: "{ \"Name\" : \"OPMonitor\", \"Ret\" : 103, \"SessionID\" : \"0xABCDEF00\" }\n"
SENT: "\xFF\u0001\u0000\u0000\u0000\xEFͫ\u0000\u0000\u0000\u0000\u0000\u0000\x85\u0005\xA0\u0000\u0000\u0000{\"Name\":\"OPMonitor\",\"OPMonitor\":{\"Action\":\"Claim\",\"Parameter\"\xD5:{\"Channel\":0,\"CombinMode\":\"NONE\",\"StreamType\":\"Main\",\"TransMode\":\"TCP\"}},\"SessionID\":\"170141183460469231731687303715884105728xAbcdef32768\"}"
GOT: "{ \"Name\" : \"OPMonitor\", \"Ret\" : 103, \"SessionID\" : \"0xABCDEF00\" }\n"
SENT: "\xFF\u0001\u0000\u0000\u0000\xEFͫ\u0000\u0000\u0000\u0000\u0000\u0000\x85\u0005\xA0\u0000\u0000\u0000{\"Name\":\"OPMonitor\",\"OPMonitor\":{\"Action\":\"Claim\",\"Parameter\":{\"Channel\":2147483648,\"CombinMode\":\"NONE\",\"StreamType\":\"Main\",\"TransMode\":\"TCP\"}},\"SessionID\":\"0xAbcdef00\"}"
GOT: "{ \"Name\" : \"OPMonitor\", \"Ret\" : 103, \"SessionID\" : \"0xABCDEF00\" }\n"
SENT: "\xFF\u0001\u0000\u0000\u0000\xEFͫ\u0000\u0000\u0000\u0000\u0000\u0000\x85\u0005\xA0\u0000\u0000\u0000{\"Name\":\"OPMonitor\",\"OPMonitor\":{\"Action\":\"Clai}\",\"Parameter\":{\"Channel\":0,\"CombinMode\":\"NONE\",\"StreamType\":\"Main\",\"TransMode\":\"TCP\"}},\"SessionID\":\"0xAbcdAbcdef00\"}"
GOT: "{ \"Name\" : \"OPMonitor\", \"Ret\" : 103, \"SessionID\" : \"0xABCDEF00\" }\n"
SENT: "\xFF\u0001\u0000󠁁\u0000\u0000\xEFͫ\u0000\u0000\u0000\u0000\u0000\u0000\x85\u0005\xA0\u0000\u0000\u0000{\"Name\":\"O\xF3\xA0\x81\x6E\":\"Claim\",\"{\"Action\":\"Claim\",\"Parameter\":{\"Channel\":0,\"CombinModˑer\":{\"Cha󠁥nnel\":-3037,\"CombinModˑe\":\"NONE\",\"StreamType\":\"Main\",\"TransMode\":\"TCP\"}},\"Sess󠁥nnel\":-3037,\"CombinModˑe\":\"NONE\",\"StreamType\":\"Main\",\"TransMode\":\"TCP\"}},\"Sess󠁥n󠀯nel\":-3037,\"CombinModˑe\":\"NONE\",\"StreamType\":\"Main\",\"TransMode\":\"TCP\"}},\"Sess󠁩ionID\":\"1xAbcdef1\"}"
ERROR: #<MagicError::ReceiveTimeout:>
SENT: "\xFF\u0001\u0000\u0000\u0000\xEFͫ\u0000\u0000\u0000\u0000\u0000\u0000\x85\u0005\xA0\u0000\u0000\u0000{\"Name\":\"OPMonitor\",\"OPMonitor\":{\"Action\":\"Claim\",\"Parameter\":{\"Channel\":0,\"CombinMode\":\"NONE\",\"St\":0,\"CombinMode\":\"NONE\",\"StreamType\":\"Maan\",\"TransMode\":\"TCP\"}},\"SessionID\":\"0xAbcdef00\"}"
GOT: "{ \"Name\" : \"OPMonitor\", \"Ret\" : 103, \"SessionID\" : \"0xABCDEF00\" }\n"
SENT: "\xFF\u0001\u0000\u0000\u0000\xEFͫ\u0000\u0000\u0000\u0000\u0000\u0000\x85\u0005\xA0\u0000\u0000\u0000{\"Name\":\"OPMonitor\",\"OPMonitor\":{\"Act󠀺ion\":\"Claim\",\"Parameter\":{\"Channel\":0,\"CombinMode\":\"NONE\",\"StreamTyp᠎e\":\"Main\",\"TransMo󠀶de\":\"TCP\"}},\"SessionID\":\"0xAbcdef-905\"}"
GOT: "{ \"Name\" : \"OPMonitor\", \"Ret\" : 103, \"SessionID\" : \"0xABCDEF00\" }\n"
SENT: "\xFF\u0001\u0000\u0000\u0000\xEFͫ\u0000\u0000\u0000\u0000\u0000\u0000\x85\u0005\xA0\u0000\u0000\u0000{\"Name\":\"OPMonitor\",\"OPMonitoːr\":{\"Action\":\"Claim\",\"Param󠁟eter\":{\"Channel\":0,\"CombinMode\":\"0xAbcdef00\"}"
ERROR: #<MagicError::ReceiveTimeout:>
SENT: "\xFF\u0001\u0000\u0000\u0000\xEFͫ\u0000\u0000\u0000\u0000\u0000\u0000\x85\u0005\xA0\u0000\u0000\u0000{\"Name\":\"OPMonitor\",\"OPMonitor\":{\"Action\":\"Claim\",\"Parameter\":{\"Channel\":0,\"CombinMode\":\"NONE\",\"StreamType\":\"Main\",\"TransMode\":\"TCP\"}},\"SfssionID\":\"0xAbcdef00\"}"
GOT: "{ \"Name\" : \"OPMonitor\", \"Ret\" : 103, \"SessionID\" : \"0xABCDEF00\" }\n"
