Command results: Started at 2019-04-01 11:42:02 -07:00
Total time: 00:11:59.456714000
"{ \"Name\" : \"OPVersionRep\", \"Ret\" : 102, \"SessionID\" : \"0x11111117\" }\n"
    Bytes: ["0x0300", "0x0301", "0x0302", "0x0303", "0x0304", "0x0305", "0x0306", "0x0307", "0x0308", "0x0309", "0x030a", "0x030b", "0x030c", "0x030d", "0x030e", "0x030f", "0x0310", "0x0311", "0x0312", "0x0313", "0x0314", "0x0315", "0x0316", "0x0317", "0x0318", "0x0319", "0x031a", "0x031b", "0x031c", "0x031d", "0x031e", "0x031f", "0x0320", "0x0321", "0x0322", "0x0323", "0x0324", "0x0325", "0x0326", "0x0327", "0x0328", "0x0329", "0x032a", "0x032b", "0x032c", "0x032d", "0x032e", "0x032f", "0x0330", "0x0331", "0x0332", "0x0333", "0x0334", "0x0335", "0x0336", "0x0337", "0x0338", "0x0339", "0x033a", "0x033b", "0x033c", "0x033d", "0x033e", "0x033f", "0x0340", "0x0341", "0x0342", "0x0343", "0x0344", "0x0345", "0x0346", "0x0347", "0x0348", "0x0349", "0x034a", "0x034b", "0x034c", "0x034d", "0x034e", "0x034f", "0x0350", "0x0351", "0x0352", "0x0353", "0x0354", "0x0355", "0x0356", "0x0357", "0x0358", "0x0359", "0x035a", "0x035b", "0x035c", "0x035d", "0x035e", "0x035f", "0x0360", "0x0361", "0x0362", "0x0363", "0x0364", "0x0365", "0x0366", "0x0367", "0x0368", "0x0369", "0x036a", "0x036b", "0x036c", "0x036d", "0x036e", "0x036f", "0x0370", "0x0371", "0x0372", "0x0373", "0x0374", "0x0375", "0x0376", "0x0377", "0x0378", "0x0379", "0x037a", "0x037b", "0x037c", "0x037d", "0x037e", "0x037f", "0x0380", "0x0381", "0x0382", "0x0383", "0x0384", "0x0385", "0x0386", "0x0387", "0x0388", "0x0389", "0x038a", "0x038b", "0x038c", "0x038d", "0x038e", "0x038f", "0x0390", "0x0391", "0x0392", "0x0393", "0x0394", "0x0395", "0x0396", "0x0397", "0x0398", "0x0399", "0x039a", "0x039b", "0x039c", "0x039d", "0x039e", "0x039f", "0x03a0", "0x03a1", "0x03a2", "0x03a3", "0x03a4", "0x03a5", "0x03a6", "0x03a7", "0x03a8", "0x03a9", "0x03aa", "0x03ab", "0x03ac", "0x03ad", "0x03ae", "0x03af", "0x03b0", "0x03b1", "0x03b2", "0x03b3", "0x03b4", "0x03b5", "0x03b6", "0x03b7", "0x03b8", "0x03b9", "0x03ba", "0x03bb", "0x03bc", "0x03bd", "0x03be", "0x03bf", "0x03c0", "0x03c1", "0x03c2", "0x03c3", "0x03c4", "0x03c5", "0x03c6", "0x03c7", "0x03c8", "0x03c9", "0x03ca", "0x03cb", "0x03cc", "0x03cd", "0x03ce", "0x03cf", "0x03d0", "0x03d1", "0x03d2", "0x03d3", "0x03d4", "0x03d5", "0x03d6", "0x03d7", "0x03d8", "0x03d9", "0x03da", "0x03db", "0x03dc", "0x03dd", "0x03de", "0x03df", "0x03e0", "0x03e1", "0x03e2", "0x03e3", "0x03e4", "0x03e5", "0x03e6", "0x03e7", "0x03e9", "0x03eb", "0x03ed", "0x03ef", "0x03f0", "0x03f3", "0x03f4", "0x03f5", "0x03f6", "0x03f7", "0x03f8", "0x03f9", "0x03fa", "0x03fb", "0x03fd", "0x03fe", "0x03ff", "0x0400", "0x0401", "0x0402", "0x0403", "0x0404", "0x0405", "0x0406", "0x0407", "0x0408", "0x0409", "0x040a", "0x040b", "0x040c", "0x040d", "0x040e", "0x040f", "0x0411", "0x0413", "0x0415", "0x0417", "0x0419", "0x041b", "0x041d", "0x041f", "0x0420", "0x0421", "0x0422", "0x0423", "0x0424", "0x0425", "0x0426", "0x0427", "0x0428", "0x0429", "0x042a", "0x042b", "0x042c", "0x042d", "0x042e", "0x042f", "0x0430", "0x0431", "0x0432", "0x0433", "0x0434", "0x0435", "0x0436", "0x0437", "0x0438", "0x0439", "0x043a", "0x043b", "0x043c", "0x043d", "0x043e", "0x043f", "0x0440", "0x0441", "0x0442", "0x0443", "0x0444", "0x0445", "0x0446", "0x0447", "0x0448", "0x0449", "0x044a", "0x044b", "0x044c", "0x044d", "0x044e", "0x044f", "0x0450", "0x0451", "0x0452", "0x0453", "0x0454", "0x0455", "0x0456", "0x0457", "0x0458", "0x0459", "0x045a", "0x045b", "0x045c", "0x045d", "0x045e", "0x045f", "0x0460", "0x0461", "0x0462", "0x0463", "0x0464", "0x0465", "0x0466", "0x0467", "0x0468", "0x0469", "0x046a", "0x046b", "0x046c", "0x046d", "0x046e", "0x046f", "0x0470", "0x0471", "0x0472", "0x0473", "0x0474", "0x0475", "0x0476", "0x0477", "0x0478", "0x0479", "0x047a", "0x047b", "0x047c", "0x047d", "0x047e", "0x047f", "0x0480", "0x0481", "0x0482", "0x0483", "0x0484", "0x0485", "0x0486", "0x0487", "0x0488", "0x0489", "0x048a", "0x048b", "0x048c", "0x048d", "0x048e", "0x048f", "0x0490", "0x0491", "0x0492", "0x0493", "0x0494", "0x0495", "0x0496", "0x0497", "0x0498", "0x0499", "0x049a", "0x049b", "0x049c", "0x049d", "0x049e", "0x049f", "0x04a0", "0x04a1", "0x04a2", "0x04a3", "0x04a4", "0x04a5", "0x04a6", "0x04a7", "0x04a8", "0x04a9", "0x04aa", "0x04ab", "0x04ac", "0x04ad", "0x04ae", "0x04af", "0x04b0", "0x04b1", "0x04b2", "0x04b3", "0x04b4", "0x04b5", "0x04b6", "0x04b7", "0x04b8", "0x04b9", "0x04ba", "0x04bb", "0x04bc", "0x04bd", "0x04be", "0x04bf", "0x04c0", "0x04c1", "0x04c2", "0x04c3", "0x04c4", "0x04c5", "0x04c6", "0x04c7", "0x04c8", "0x04c9", "0x04ca", "0x04cb", "0x04cc", "0x04cd", "0x04ce", "0x04cf", "0x04d0", "0x04d1", "0x04d2", "0x04d3", "0x04d4", "0x04d5", "0x04d6", "0x04d7", "0x04d8", "0x04d9", "0x04da", "0x04db", "0x04dc", "0x04dd", "0x04de", "0x04df", "0x04e0", "0x04e1", "0x04e2", "0x04e3", "0x04e4", "0x04e5", "0x04e6", "0x04e7", "0x04e8", "0x04e9", "0x04ea", "0x04eb", "0x04ec", "0x04ed", "0x04ee", "0x04ef", "0x04f0", "0x04f1", "0x04f2", "0x04f3", "0x04f4", "0x04f5", "0x04f6", "0x04f7", "0x04f8", "0x04f9", "0x04fa", "0x04fb", "0x04fc", "0x04fd", "0x04fe", "0x04ff", "0x0500", "0x0501", "0x0502", "0x0503", "0x0504", "0x0505", "0x0506", "0x0507", "0x0508", "0x0509", "0x050a", "0x050b", "0x050c", "0x050d", "0x050e", "0x050f", "0x0510", "0x0511", "0x0512", "0x0513", "0x0514", "0x0515", "0x0516", "0x0517", "0x0518", "0x0519", "0x051a", "0x051b", "0x051c", "0x051d", "0x051e", "0x051f", "0x0520", "0x0521", "0x0522", "0x0523", "0x0524", "0x0525", "0x0526", "0x0527", "0x0528", "0x0529", "0x052a", "0x052b", "0x052c", "0x052d", "0x052e", "0x052f", "0x0530", "0x0531", "0x0532", "0x0533", "0x0534", "0x0535", "0x0536", "0x0537", "0x0538", "0x0539", "0x053a", "0x053b", "0x053c", "0x053d", "0x053e", "0x053f", "0x0540", "0x0541", "0x0542", "0x0543", "0x0544", "0x0545", "0x0546", "0x0547", "0x0548", "0x0549", "0x054a", "0x054b", "0x054c", "0x054d", "0x054e", "0x054f", "0x0551", "0x0552", "0x0553", "0x0554", "0x0555", "0x0556", "0x0557", "0x0558", "0x0559", "0x055a", "0x055b", "0x055c", "0x055d", "0x055e", "0x055f", "0x0560", "0x0561", "0x0562", "0x0563", "0x0564", "0x0565", "0x0566", "0x0567", "0x0568", "0x0569", "0x056a", "0x056b", "0x056c", "0x056d", "0x056e", "0x056f", "0x0570", "0x0571", "0x0572", "0x0573", "0x0574", "0x0575", "0x0576", "0x0577", "0x0579", "0x057a", "0x057b", "0x057c", "0x057d", "0x057e", "0x057f", "0x0580", "0x0581", "0x0583", "0x0584", "0x0587", "0x0588", "0x0589", "0x058a", "0x058b", "0x058d", "0x058e", "0x058f", "0x0592", "0x0593", "0x0594", "0x0595", "0x0597", "0x0599", "0x059d", "0x059e", "0x059f", "0x05a1", "0x05a3", "0x05a5", "0x05a7", "0x05a9", "0x05ab", "0x05ad", "0x05ae", "0x05af", "0x05b0", "0x05b1", "0x05b2", "0x05b3", "0x05b5", "0x05b6", "0x05b7", "0x05b8", "0x05b9", "0x05ba", "0x05bb", "0x05bc", "0x05bd", "0x05bf", "0x05c1", "0x05c3", "0x05c5", "0x05c7", "0x05c9", "0x05cb", "0x05cd", "0x05cf", "0x05d1", "0x05d3", "0x05d4", "0x05d5", "0x05d6", "0x05d7", "0x05d8", "0x05d9", "0x05da", "0x05db", "0x05dd", "0x05df", "0x05e1", "0x05e3", "0x05e4", "0x05e5", "0x05e6", "0x05e7", "0x05e8", "0x05e9", "0x05ea", "0x05eb", "0x05ec", "0x05ed", "0x05ee", "0x05ef", "0x05f1", "0x05f3", "0x05f6", "0x05f7", "0x05f8", "0x05f9", "0x05fa", "0x05fb", "0x05fc", "0x05fd", "0x05fe", "0x05ff", "0x0600", "0x0601", "0x0602", "0x0603", "0x0605", "0x0607", "0x0609", "0x060a", "0x060b", "0x060c", "0x060d", "0x060f", "0x0610", "0x0611", "0x0612", "0x0613", "0x0614", "0x0615", "0x0616", "0x0617", "0x0619", "0x061b", "0x061c", "0x061d", "0x061e", "0x061f", "0x0620", "0x0621", "0x0623", "0x0625", "0x0627", "0x0629", "0x062b", "0x062d", "0x062f", "0x0630", "0x0631", "0x0632", "0x0633", "0x0634", "0x0635", "0x0637", "0x0638", "0x0639", "0x063a", "0x063b", "0x063c", "0x063d", "0x063e", "0x063f", "0x0641", "0x0642", "0x0643", "0x0644", "0x0645", "0x0646", "0x0647", "0x0648", "0x0649", "0x064b", "0x064d", "0x064e", "0x064f", "0x0650", "0x0651", "0x0652", "0x0653", "0x0654", "0x0655", "0x0656", "0x0657", "0x0658", "0x0659", "0x065a", "0x065b", "0x065c", "0x065d", "0x065f", "0x0661", "0x0663", "0x0665", "0x0667", "0x0669", "0x066b", "0x066d", "0x066f", "0x0671", "0x0673", "0x0675", "0x0677", "0x067b", "0x067c", "0x067d", "0x067e", "0x067f", "0x0680", "0x0681", "0x0683", "0x0685", "0x0686", "0x0687", "0x0688", "0x0689", "0x068a", "0x068b", "0x068c", "0x068d", "0x068e", "0x068f", "0x0690", "0x0691", "0x0692", "0x0693", "0x0694", "0x0695", "0x0696", "0x0697", "0x0698", "0x0699", "0x069a", "0x069b", "0x069c", "0x069d", "0x069e", "0x069f", "0x06a0", "0x06a1", "0x06a2", "0x06a3", "0x06a4", "0x06a5", "0x06a6", "0x06a7", "0x06a8", "0x06a9", "0x06aa", "0x06ab", "0x06ac", "0x06ad", "0x06ae", "0x06af", "0x06b0", "0x06b1", "0x06b2", "0x06b3", "0x06b4", "0x06b5", "0x06b6", "0x06b7", "0x06b8", "0x06b9", "0x06ba", "0x06bb", "0x06bc", "0x06bd", "0x06be", "0x06bf", "0x06c0", "0x06c1", "0x06c2", "0x06c3", "0x06c4", "0x06c5", "0x06c6", "0x06c7", "0x06c8", "0x06c9", "0x06ca", "0x06cb", "0x06cc", "0x06cd", "0x06ce", "0x06cf", "0x06d0", "0x06d1", "0x06d2", "0x06d3", "0x06d4", "0x06d5", "0x06d6", "0x06d7", "0x06d8", "0x06d9", "0x06da", "0x06db", "0x06dc", "0x06dd", "0x06de", "0x06df", "0x06e0", "0x06e1", "0x06e2", "0x06e3", "0x06e4", "0x06e5", "0x06e6", "0x06e7", "0x06e8", "0x06e9", "0x06eb", "0x06ed", "0x06ef", "0x06f1", "0x06f2", "0x06f3", "0x06f4", "0x06f5", "0x06f6", "0x06f7", "0x06f8", "0x06f9", "0x06fa", "0x06fb", "0x06fc", "0x06fd", "0x06fe", "0x06ff"]
"{ \"AliveInterval\" : 0, \"ChannelNum\" : 0, \"DeviceType \" : \"DVR\", \"ExtraChannel\" : 10623084, \"Ret\" : 205, \"SessionID\" : \"0x00000176\" }\n"
    Bytes: ["0x03e8"]
"{ \"Name\" : \"\", \"Ret\" : 100, \"SessionID\" : \"0x11111117\" }\n"
    Bytes: ["0x03ea", "0x0410", "0x0416", "0x041a", "0x0578", "0x05dc", "0x05de", "0x05e0", "0x0624", "0x0628", "0x062a", "0x064a", "0x064c", "0x0670", "0x0676", "0x0684", "0x06ea"]
"{ \"Name\" : \"\", \"SessionID\" : \"0x11111117\" }\n"
    Bytes: ["0x03ec"]
"{ \"Name\" : \"KeepAlive\", \"Ret\" : 100, \"SessionID\" : \"0x11111117\" }\n"
    Bytes: ["0x03ee"]
"{ \"Name\" : \"\", \"Ret\" : 102, \"SessionID\" : \"0x11111117\" }\n"
    Bytes: ["0x03f2"]
"{ \"Name\" : \"\", \"Ret\" : 607, \"SessionID\" : \"0x11111117\" }\n"
    Bytes: ["0x0412"]
"{ \"Name\" : \"OPVersionRep\", \"OPVersionRep\" : null, \"Ret\" : 100, \"SessionID\" : \"0x11111117\" }\n"
    Bytes: ["0x0414"]
"{ \"Name\" : \"OPVersionRep\", \"OPVersionRep\" : [ \"\" ], \"Ret\" : 100, \"SessionID\" : \"0x11111117\" }\n"
    Bytes: ["0x0418"]
"{ \"Name\" : \"\", \"Ret\" : 117, \"SessionID\" : \"0x11111117\" }\n"
    Bytes: ["0x041e"]
"{ \"Name\" : \"\", \"Ret\" : 101, \"SessionID\" : \"0x11111117\" }\n"
    Bytes: ["0x0550", "0x05c4", "0x05c6", "0x05c8", "0x05ca", "0x05cc", "0x05ce", "0x066a"]
"{ \"Name\" : \"OPMonitor\", \"Ret\" : 103, \"SessionID\" : \"0x11111117\" }\n"
    Bytes: ["0x0582", "0x0585"]
"{ \"Name\" : \"OPPlayBack\", \"Ret\" : 100, \"SessionID\" : \"0x11111117\" }\n"
    Bytes: ["0x058c", "0x0591"]
"{ \"Name\" : \"OPPlayBack\", \"Ret\" : 103, \"SessionID\" : \"0x11111117\" }\n"
    Bytes: ["0x0590"]
"{ \"Name\" : \"OPTalk\", \"Ret\" : 504, \"SessionID\" : \"0x11111117\" }\n"
    Bytes: ["0x0596"]
"{ \"Name\" : \"OPTalk\", \"Ret\" : 103, \"SessionID\" : \"0x11111117\" }\n"
    Bytes: ["0x059a", "0x059b"]
"{ \"Name\" : \"\", \"Ret\" : 119, \"SessionID\" : \"0x11111117\" }\n"
    Bytes: ["0x05a0"]
"{ \"Name\" : \"OPLogQuery\", \"OPLogQuery\" : null, \"Ret\" : 100, \"SessionID\" : \"0x11111117\" }\n"
    Bytes: ["0x05a2"]
"{ \"Name\" : \"OPSCalendar\", \"OPSCalendar\" : { \"Mask\" : 0 }, \"Ret\" : 100, \"SessionID\" : \"0x11111117\" }\n"
    Bytes: ["0x05a6"]
"{ \"Name\" : \"\", \"Ret\" : 109, \"SessionID\" : \"0x11111117\" }\n"
    Bytes: ["0x05a8"]
"{ \"Name\" : \"OPTimeQuery\", \"OPTimeQuery\" : \"2019-03-05 00:00:54\", \"Ret\" : 100, \"SessionID\" : \"0x11111117\" }\n"
    Bytes: ["0x05ac"]
"{ \"Name\" : \"\", \"Ret\" : 103, \"SessionID\" : \"0x11111117\" }\n"
    Bytes: ["0x05b4", "0x05f4", "0x062c", "0x062e", "0x0640"]
"{ \"AuthorityList\" : [ \"ShutDown\", \"ChannelTitle\", \"RecordConfig\", \"Backup\", \"StorageManager\", \"Account\", \"SysInfo\", \"QueryLog\", \"DelLog\", \"SysUpgrade\", \"AutoMaintain\", \"TourConfig\", \"TVadjustConfig\", \"GeneralConfig\", \"EncodeConfig\", \"CommConfig\", \"NetConfig\", \"AlarmConfig\", \"VideoConfig\", \"PtzConfig\", \"PTZControl\", \"DefaultConfig\", \"Talk_01\", \"IPCCamera\", \"ImExport\", \"Monitor_01\", \"Replay_01\" ], \"Ret\" : 100, \"SessionID\" : \"0x11111117\" }\n"
    Bytes: ["0x05be"]
"{ \"Ret\" : 100, \"SessionID\" : \"0x11111117\", \"Users\" : [ { \"AuthorityList\" : [ \"ShutDown\", \"ChannelTitle\", \"RecordConfig\", \"Backup\", \"StorageManager\", \"Account\", \"SysInfo\", \"QueryLog\", \"DelLog\", \"SysUpgrade\", \"AutoMaintain\", \"TourConfig\", \"TVadjustConfig\", \"GeneralConfig\", \"EncodeConfig\", \"CommConfig\", \"NetConfig\", \"AlarmConfig\", \"VideoConfig\", \"PtzConfig\", \"PTZControl\", \"DefaultConfig\", \"Talk_01\", \"IPCCamera\", \"ImExport\", \"Monitor_01\", \"Replay_01\" ], \"Group\" : \"admin\", \"Memo\" : \"admin 's account\", \"Name\" : \"admin\", \"NoMD5\" : null, \"Password\" : \"mF95aD4o\", \"Reserved\" : true, \"Sharable\" : true }, { \"AuthorityList\" : [ \"Monitor_01\" ], \"Group\" : \"user\", \"Memo\" : \"default account\", \"Name\" : \"default\", \"NoMD5\" : null, \"Password\" : \"OxhlwSG8\", \"Reserved\" : false, \"Sharable\" : false } ] }\n"
    Bytes: ["0x05c0"]
"{ \"Groups\" : [ { \"AuthorityList\" : [ \"ShutDown\", \"ChannelTitle\", \"RecordConfig\", \"Backup\", \"StorageManager\", \"Account\", \"SysInfo\", \"QueryLog\", \"DelLog\", \"SysUpgrade\", \"AutoMaintain\", \"TourConfig\", \"TVadjustConfig\", \"GeneralConfig\", \"EncodeConfig\", \"CommConfig\", \"NetConfig\", \"AlarmConfig\", \"VideoConfig\", \"PtzConfig\", \"PTZControl\", \"DefaultConfig\", \"Talk_01\", \"IPCCamera\", \"ImExport\", \"Monitor_01\", \"Replay_01\" ], \"Memo\" : \"administrator group\", \"Name\" : \"admin\" }, { \"AuthorityList\" : [ \"Monitor_01\", \"Replay_01\" ], \"Memo\" : \"user group\", \"Name\" : \"user\" } ], \"Ret\" : 100, \"SessionID\" : \"0x11111117\" }\n"
    Bytes: ["0x05c2"]
"{ \"Name\" : \"\", \"Ret\" : 106, \"SessionID\" : \"0x11111117\" }\n"
    Bytes: ["0x05d0"]
"{ \"Name\" : \"OPNetAlarm\", \"Ret\" : 100, \"SessionID\" : \"0x11111117\" }\n"
    Bytes: ["0x05e2"]
"{ \"Name\" : \"\", \"Ret\" : 512, \"SessionID\" : \"0x11111117\" }\n"
    Bytes: ["0x05f2"]
"{ \"Name\" : \"OPSystemUpgrade\", \"OPSystemUpgrade\" : { \"Hardware\" : \"HI3516EV100_50H20L_S38\", \"LogoArea\" : { \"Begin\" : \"0x80770000\", \"End\" : \"0x80780000\" }, \"LogoPartType\" : \"\", \"Serial\" : \"\", \"Vendor\" : \"General\" }, \"Ret\" : 100, \"SessionID\" : \"0x11111117\" }\n"
    Bytes: ["0x05f5"]
"{ \"Name\" : \"\", \"Ret\" : 601, \"SessionID\" : \"0x11111117\" }\n"
    Bytes: ["0x0604"]
"PK\u0003\u0004\u0014\u0000\u0000\u0000\b\u0000\u0000\u0000 \u0000\u000FiP\xB9\a\u0000\u0000\u0000\u0010\u0000\u0000\u0000\t\u0000\u0000\u0000Dot/0.dotc`\x90`@\u0006\u0000PK\u0003\u0004\u0014\u0000\u0000\u0000\b\u0000\u0000\u0000 \u0000!\xDF\xDB\xF4\u0003\u0000\u0000\u0000\u0001\u0000\u0000\u0000\u0010\u0000\u0000\u0000ppp/pppoe-enable3\u0000\u0000PK\u0003\u0004\u0014\u0000\u0000\u0000\b\u0000\u0000\u0000 \u0000k\u0013\xE3[\u0004\u0000\u0000\u0000\u0002\u0000\u0000\u0000\u000F\u0000\u0000\u0000ppp/pap-secrets\xE3\xE2\u0002\u0000PK\u0003\u0004\u0014\u0000\u0000\u0000\b\u0000\u0000\u0000 \u0000gOm\x86\xE3\u0000\u0000\u0000\xDE\u0000\u0000\u0000\t\u0000\u0000\u0000Json/Uart\u0001\xDE\u0000!\xFF\u001F\x8B\b\u0000\u0000\u0000\u0000\u0000\u0000\u0003\xAD\x90=\u000F\xC2 \u0018\x84w\u007F\xC5\ef\u0006h\xB1)nF\u001D\u001CDc\x9D4\u000E\xD804i\x8BAjL\u001A\xFF\xBBP4j\xFCXt|\u001F\xEE\x8E\u02F5\x80F\xBA\xAA\u0010\f`\u0003-\xA0\xA1\xB5\xA6\xD85V\u0005Bi?\"\u0004\u0003\u0012s1A\u0018R\f\u0014\xB6\xEE^hc\x85\xF6\"\xEA/\xA3\xAD\xCEu)d\xD5\u0019\x83\u001C\xCE\xF8\xFF\x91A\xBAZ\x87\xB0\xBA)\xCB\eYHk\x95\xA9\xFD\x83\xC7Wh\xD4A\xD9g\xB6\u048Dy \u02CC\xA5\xFDO\u0003\xF0$t\u0575z\xEC:V\xC7\"W\xF7\xB6\xA2\xA9v\xCAL\xEB\x99t\xEE\xD3\xC1c\xF2\xD3J\x9C\xA6\u0011g\u0339\xB2\xBD\xCC\xFD\xDF.\xAF\x83\u0011yi\xE0xL\xE3\xE4}\u000FNY\xCC\t{jC\xBE\u000E\f\xE7\xDE\u0005\xB7\xE5E\x96\u0017\u0002\u0000\u0000PK\u0003\u0004\u0014\u0000\u0000\u0000\b\u0000\u0000\u0000 \u0000\u0016\xA1\xD7o\xA6\u0002\u0000\u0000\xA1\u0002\u0000\u0000\n\u0000\u0000\u0000Json/AVEnc\u0001\xA1\u0002^\xFD\u001F\x8B\b\u0000\u0000\u0000\u0000\u0000\u0000\u0003\xEDW]k\xDB0\u0014}\u07EF0z\u0386\xAC\u06A9\xE9[\x93\xC5\xCD`\u037C\xB8\xA4\u000F\xA3\u000F\x8A\xA36b\xB2\u001Dd9\xEB(\xFD\xEF\u0547\xA58M\u0018x0\xE2AL0\u0495\xEE\xF5\xB9G\xF7H\u028B\a&EV\xAE\b\xF0\xAE\xBC\x1F\u078B\xED\xA6\u0002\v\x9A%\x98\xE3\u070D|%[\xC2T/\xF0\a\u001EHx\xF9H\x99\xF6C\u07AB\xF7 M\x93g\xC1q\\\xF2\u001C\v\xE7t]\xAFh\xA9z\xB2=\xA2b\x8E\x85v\xF1\xA1\x9C\x7F\x8B\x9F\u0017%\xAB\xF3\x9D%\xC5\xF9\x86\x91\xDD$\xEFu\u0404\x98\u0014xi\xBE\xF6\x88YE\xA4yAW\xE4H\xE40D\u0003g\u0018\x97\x85\xE0\xA5\u0006\r\u0016\xA39\x90#\xE32\xDFpRU\xB4,\xB4y\xFA\t\rC5\u0010'\xA9NF\xE1\xB8\xF9\x96\xE8\xB6l~\xAF1\xA3\xE2\xB7\xEA^\xC8\xEE\x9CT\u0012\xB2\xB0\u079F}\xA01j0;\x8C\x82\xD7D\xD9OA\xC0E\u0014t& h\u0013\u0010v!`\xFC%>\u0280\u0006y\xA6\x804\u04B8\u01748\xB52\u0010\u0491\xFE\x894\x82CZ|\u0018\xC1\xA4w\xEA\xE8\r\t'\u0015H\xDFX\xD0\u001AI\v\xBC9\xB5FB\xBF\xFB\xE9\xD1\xDE9\xFC.\xB4\xF4\xF0\xF0\xE8C\xFE'UF\x8F\b\xF0\u001E\xEC\xBD\xEA\xEF\xAFdi\x8E\xB9\x98*\x88\xD6e\u03F2'?;\xB0@\xFB\x93\xA5\x29au\xF5\xDE<m\xEC\xCA\n\x9B\xE5:6\xB0\v~$\xB6\u0005r\u0010\xC097\u00014E\u3495\xDC\u0004h\xEE\xAAm\xCD\xC8Yw4')\xC9\u001C\xC1\u0403\xF0J\xFF>\xA2\xC04\xC0^0G\xA7\xAA\xB5\xAC\u0016\xB8\xC8\xEC\r\"Ru\xC0\xE9\xD3Z\u0014r\xBDum@]\u0000\xB2&p%\x9C\xE1F\u001E\xED\u001A\xADlOk\xE2\xEC)\u00165\xC7\u0016\x8A6\u076F\xA9 K\xCC\xECW|\u0014\xC9\xF4L\xE6\x87\u0015\xFA\u007F&#W\u032D\xD7=]=\x91\xDDn>^\xE3\xA2 \xEC\x8E\n\x93\xA84\u0370\x91/P\x99\xA4\x84S\xCCfZ\x95\u0000A\u0018\xF9>\n\x8DB\u06AE\xD7Bp\xBA\xAC\x85\x8D1\xC2\xD9OW\u0019\u0000>G\xD0<\xC0Ig\xC4H\xB1j\x95I\xCCe\xDEm\x97\u0018\xC6\xFA\u0001ZEdK\u026F\xF7>s\xC2d\xFE[\x92\x94\x95I(\xBC\x94,\\\xEA\xBF\e(\x94\u0017F\u0014\xA8b\u0564n\t\xAF\\\xD6\u001D\xE0\u0655\xEF\x84\xCF:\u001D\u0000\xF4!\x92{"
    Bytes: ["0x0606"]
"PK\u0003\u0004\u0014\u0000\u0000\u0000\b\u0000\u0000\u0000 \u0000J2\xD44\x8C\n\u0000\u0000\x93\xF8\u0001\u0000\u0003\u0000\u0000\u0000Log\xED\x9D\xC1n\xDBF\u0014E\xF7\xF9\n/\u0013 \u000EDjF\xA2\xB9+\xE2M\x80\"\r\xA2\xA2\x9B\"\v\xB7Q\u0012/b\u0015\xAD\xE2\xA0\u007F_\u0019bQ\x9B\x94m\xCD\u001CV\xA3\xE7w\xD1M\r\xF8\xE2\xCC\u0004cr\xE6\x90|\xAF:;\x9D\x9E\x86\x93z\xDA\xC6i[\x87_\u0017\u007F\xFF\xB5^~\xFD\xF0\xF2\xD7\u001FW\x9F\u007F\xFA\xB6\xDE\xFC\xCF\xC5\u01EF\x97W/\xCF\u007Fy\xFF\xE6\xDD\xE9\xF9b\xD1Vg\xF5\xABj\u05BC\xAA\xAAW\xF1\u00F3\xEAN>\xDE\u027F\xB9B\xF1t\xFC\x8C\xE1g\u0010?g\xF8Q\xE3\x85G\u007Fp|\u0003\xF14\u007F\u0186\u007F\xC6\xF0\xD3\t\xC2\xF7\xE2\xE9\xF8\x8A\xE1+\x88\xAF\u0019\xBE\x86\xF8)\u00CF\u001AO\u001F}`xx\xCB\u0010\xDE1\x9Em\u0017\xA6p\xBB \xBCc<\xDB*N\xE1VQ\xF8\x92x\xB8U\x9D6l\xF8p\xAF\u0017\xD8^/\xC0\xCDV`\x9B\xAD\u0000\xB7+\x81\u0772\u0002\xBCn\u0004\xB6t\u0003;\xE5\u0004\xB8r\x85w\x8CgW\xAD\u0000\u000F\xC8\xC2\e\xC6\xD3;\u0016\x93#\xC2\e\xC6G\xB6[\x89\xD0L\t\xEF\u0018\u03ECd\x84\ee\xE1\u001D\xE3\xD9!)B#-\xBCa<< G\xF68Ax\xCBx&G\"\xF4\xF9\xC2;\xC63\x9F\u001F\xA1\x97\x8B\xD0\tG&g\"<\xA0GrH\v-\xDA(\x87\x96\xEC\x95B\x8Bn\x97\xA1%W\xCC\u0422U\eZ\xB2h\xC7M'\u000F\u001D-\xF8\u0412\xF5\u001EZ\xB4\xDCC\xCBV{E\x97;[\xEF\u0015\\\xF0\u0015[\xF1\u0015\\\xF2\u0015[\xB5\xE3\xC6\xD3G\u000F\x97}\xC5\xD6}\u0005\u0017~\xC5V~\rW~\r\xAF\xF4p\xE5\xD7l\u5CF7S\u0003{;5\xB0\xB7KC\xFF\r\xC3\xE4\xBB\u016D\x95\xF3~\xF9\xFB\xEAz\xF9\xE7\u03D7_\x97\x9B\x9F\xEA\xC9\xE6\u0017'\xD3\xD3\xC9\u007F\xBF\xFA@v\xF1\xE5\xDB\xFA|\xF5\xFD\xEA\xDF\xE0\u026D\xE04<\x9F\xBDx\x90\xFB\xDBj\xB5\u079D|\byq\xBD\xDC\xFE\xB0X_\xAC\x97{\xE4\xE3\x9D\u0017\"\u001F\x9C\xEE\u036F>\x90\xBD\u007F\xBA\xB1\x9D\f\xA6\xDB\xE7\xEE\x9E\xEEM\xF2!\xE4c\xD3\u001D\xE4glm\xF18z\xB48\xC8\v/\xFC\xDEqtC\u001D\xE4\x85\xF7\x84'\x9B\xA9A\\x\xE1\xF7\u03A3\xEF-\u0006q\xE1=\xE1\u0463\xC5A^x\xE1\xF7\x8E\xA3\xF3\xFB /\xBC'<q7\x83\xB8\xF0\x86\x87\u007F\xF0\u0653'\x9B\x83\xB8\xF0\xC2\xEF\x9F'\xCAx\u0010\u0017\xDE\u0013\u001E=\xA9\u001A\xE4\x85\xF7\x84gR\x95}\xE0(\xBCk<s\xBAS\xE8t\x85w\x8CgN\x97}W-\xBCe|\x80N\u0017}S/\xBCk<t\xBA\x819]\xE1-\xE3\x99\xD3\r\xD0\xE9\n\xEF\u0018\u03DC.+\xE32z\u001E\u000E\xBF\xF0\xEC\xAD\xE1\xA1TE%|\x84\u007FJ\xF8\x83\u000F\x9F9]V=\xEA\xD8\xF0\x85\x87\u007F\xF0\xD93\xA7\e\xA0\xD3\u0015\xDE1\x9E9]V\xFAKx\xD3x(UG\xCE\xC3\xE1\u0017\x9E\xBD\xF0Iq\xE8tQ\xE51\xE1M\xE3Q\xE9\xAFA\\\xF8\xB4<\u0512\xA8\x82\xD1\fV\xB1\x99\xB1J&3XJd\x93g{\xC5\b\xF7\v\x91]\xB4#\xFA\u00DD\xB7d\xE5\xD2\xF4\xADe{\xF3\u0011\xED\xEB\xD5\u0567\xCB\u03DB\u001F\xDE.\xD7\xE7\xE7o\u0017\xF7\xFFv\xCED\x89\xF9\xB7\rG\xE6x\x8E\n\xB6\xCCY\xC1\x969*\xB92g5S\xE6\xA8f\u029C\xD5L\x99\xA3\x9A)sX3e\xCEj\xA6\x8C\u001D/<\xFAt<\xB9\x9F\u000E\xE2\xC2\v\xBF\u007F\x9E]\xAD+\xB4\x95\u0013\xDE4\u001E\u07AA+\xB2\x8D\u0017\xDE5\u001E\u001D\xE1\u0006y\xE1\xFD\xE2\xD3\xF3\xE4\xF8?v\xBC\xF0\xE8\x85O\u02F3\u0003b\x85\u0311\xF0\xA6\xF1\xD0\u000ET\xC4\u001A\n\xEF\u001A\u000F\x8D1\xAAi*\xBCi|\u0344?\xABg+\xBCk<s\xBA5}\x88\"\xBC]<\x94\xAA5s\xBA\xC2;\xC6C\xA7\x8BJ\xA8\vo\e\u03E4*+\x9F/\xBCk<s\xBA5t\xB2\xC2\e\xC6C\xA9:r\u001E\u000E\xBF\xF0\xEC\x85O\x8AC\xA7\x8Bz\e\bo\e\u03E4*\xEBm \xBCk<s\xBA\xAC\xB7\x81\xF0\x96\xF1\xAC\xB7\xC1 /\xBC\xF0{\u01E1\xD3E\xBD\r\x84\xB7\x8DgR\x95\xF56\u0018=\u000F"
    Bytes: ["0x0608"]
"{ \"Name\" : \"OPNetKeyboard\", \"Ret\" : 100, \"SessionID\" : \"0x11111117\" }\n"
    Bytes: ["0x060e"]
"\xFF\xD8\xFF\xE0\u0000\u0010JFIF\u0000\u0001\u0001\u0000\u0000\u0001\u0000\u0001\u0000\u0000\xFF\xDB\u0000\xC5\u0000\u0003\u0002\u0002\u0003\u0002\u0002\u0003\u0003\u0003\u0003\u0004\u0003\u0003\u0004\u0005\b\u0005\u0005\u0004\u0004\u0005\n\a\a\u0006\b\f\n\f\f\v\n\v\v\r\u000E\u0012\u0010\r\u000E\u0011\u000E\v\v\u0010\u0016\u0010\u0011\u0013\u0014\u0015\u0015\u0015\f\u000F\u0017\u0018\u0016\u0014\u0018\u0012\u0014\u0015\u0014\u0001\u0003\u0004\u0004\u0005\u0004\u0005\t\u0005\u0005\t\u0014\r\v\r\u0014\u0014\u0014\u0014\u0014\u0014\u0014\u0014\u0014\u0014\u0014\u0014\u0014\u0014\u0014\u0014\u0014\u0014\u0014\u0014\u0014\u0014\u0014\u0014\u0014\u0014\u0014\u0014\u0014\u0014\u0014\u0014\u0014\u0014\u0014\u0014\u0014\u0014\u0014\u0014\u0014\u0014\u0014\u0014\u0014\u0014\u0014\u0014\u0014\u0014\u0002\u0003\u0004\u0004\u0005\u0004\u0005\t\u0005\u0005\t\u0014\r\v\r\u0014\u0014\u0014\u0014\u0014\u0014\u0014\u0014\u0014\u0014\u0014\u0014\u0014\u0014\u0014\u0014\u0014\u0014\u0014\u0014\u0014\u0014\u0014\u0014\u0014\u0014\u0014\u0014\u0014\u0014\u0014\u0014\u0014\u0014\u0014\u0014\u0014\u0014\u0014\u0014\u0014\u0014\u0014\u0014\u0014\u0014\u0014\u0014\u0014\u0014\xFF\xC0\u0000\u0011\b\u0002@\u0002\xC0\u0003\u0001\"\u0000\u0002\u0011\u0001\u0003\u0011\u0002\xFF\xC4\u0001\xA2\u0000\u0000\u0001\u0005\u0001\u0001\u0001\u0001\u0001\u0001\u0000\u0000\u0000\u0000\u0000\u0000\u0000\u0000\u0001\u0002\u0003\u0004\u0005\u0006\a\b\t\n\v\u0010\u0000\u0002\u0001\u0003\u0003\u0002\u0004\u0003\u0005\u0005\u0004\u0004\u0000\u0000\u0001}\u0001\u0002\u0003\u0000\u0004\u0011\u0005\u0012!1A\u0006\u0013Qa\a\"q\u00142\x81\x91\xA1\b#B\xB1\xC1\u0015R\xD1\xF0$3br\x82\t\n\u0016\u0017\u0018\u0019\u001A%&'()*456789:CDEFGHIJSTUVWXYZcdefghijstuvwxyz\x83\x84\x85\x86\x87\x88\x89\x8A\x92\x93\x94\x95\x96\x97\x98\x99\x9A\xA2\xA3\xA4\xA5\xA6\xA7\xA8\xA9\xAA\xB2\xB3\xB4\xB5\xB6\xB7\xB8\xB9\xBA\xC2\xC3\xC4\xC5\xC6\xC7\xC8\xC9\xCA\xD2\xD3\xD4\xD5\xD6\xD7\xD8\xD9\xDA\xE1\xE2\xE3\xE4\xE5\xE6\xE7\xE8\xE9\xEA\xF1\xF2\xF3\xF4\xF5\xF6\xF7\xF8\xF9\xFA\u0001\u0000\u0003\u0001\u0001\u0001\u0001\u0001\u0001\u0001\u0001\u0001\u0000\u0000\u0000\u0000\u0000\u0000\u0001\u0002\u0003\u0004\u0005\u0006\a\b\t\n\v\u0011\u0000\u0002\u0001\u0002\u0004\u0004\u0003\u0004\a\u0005\u0004\u0004\u0000\u0001\u0002w\u0000\u0001\u0002\u0003\u0011\u0004\u0005!1\u0006\u0012AQ\aaq\u0013\"2\x81\b\u0014B\x91\xA1\xB1\xC1\t#3R\xF0\u0015br\xD1\n\u0016$4\xE1%\xF1\u0017\u0018\u0019\u001A&'()*56789:CDEFGHIJSTUVWXYZcdefghijstuvwxyz\x82\x83\x84\x85\x86\x87\x88\x89\x8A\x92\x93\x94\x95\x96\x97\x98\x99\x9A\xA2\xA3\xA4\xA5\xA6\xA7\xA8\xA9\xAA\xB2\xB3\xB4\xB5\xB6\xB7\xB8\xB9\xBA\xC2\xC3\xC4\xC5\xC6\xC7\xC8\xC9\xCA\xD2\xD3\xD4\xD5\xD6\xD7\xD8\xD9\xDA\xE2\xE3\xE4\xE5\xE6\xE7\xE8\xE9\xEA\xF2\xF3\xF4\xF5\xF6\xF7\xF8\xF9\xFA\xFF\xDD\u0000\u0004\u0000\u0000\xFF\xDA\u0000\f\u0003\u0001\u0000\u0002\u0011\u0003\u0011\u0000?\u0000\xF81\a\u0002\x9A\xDC\nh\x97\xDC\xE7\xEBQI>\xD5\xE7\xA5+\\\xCB\xCCG`:\u28CA\xDE[\xF9\xFC\x8Bh\xFC\xE9=z\u0000=I\xAB\x96ZL\x97xy\xB7Am\xD7=\xDF\xE9]E\x9D\xAAE\n\xC3\u0004b\bs\xF7W\xF8\xBE\xBE\xB5\xB4i0\xBD\x8C\xBD7\u00B6\xF6\xED\xBE\xE5\u0005\xDD\xC7`~\xE2\u007F\x89\xAE\x8E\xD3L\xDEF\xE5\xCF\u05AC\xDAZ{V\u035D\xA0\u0000q[F)n\x8A\xE6dvzj\xA8\u001CV\xFD\x96\x9C\x30>Zu\x95\xA8\xAD\xCB;a\xC5]\x842\xD3O\xE0q[6\xF6C\u001D)\u05B6\xDD+Z\xDA\u07D1N\xC0Goc\x9E\u0567o`=*{kZ\u04F6\xB6\xE9\xC6jl2;[.\x9CV\xB5\xB5\x9F\xB5-\xB4\u0015\xAB\u0004\u001C\n,\u0004v\xF6\xC3\u0003\x8A\u04B7\xB5\u001E\x94\xEBx}\xABF\bzQ\xCA1\xB0[\n\xBD\u0015\xB7J|0\x8C\n\xBB\fB\xA9\"\u0223\xB7\n\xB9\xEC+J\xC7I\xBE\xBE\xBC\x8A\xCE\xD3N\xB9\xB8\xBB\x91|\u0148G\x8F\x93\xFB\xE4\x9E\u0002\xFB\x9E)m\xED\xA5\x9EH`\x81\f\x97\u0013:\xC7\u0012\xAFVbp\u0005-\xBF\xC7-/\xE1'\x8A\xB5\xFF\u0000\x87\xDF\u0011\xAF\xF5T\xF1|\xFA\xEC\x976?b\xB1:\x85\u03B7c+\x91j\u0017\xC9bF\u00D5\xDB&\xDF\xE1\xAC+K\u066D\x86U\xF8\u01E8C\xFB?\xFC8\x9B\xC6^%X\xF5"
    Bytes: ["0x0618"]
"{ \"command\" : \"sync\", \"result\" : { \"boxid\" : \"\", \"infocode\" : 8002, \"msg\" : \"\u02A7\xB0\xDC\" } }\n"
    Bytes: ["0x0666"]
"{ \"Name\" : \"OPNetSerach\", \"OPNetSerach\" : { \"BeginTime\" : \"0000-00-00 00:00:00\", \"EndTime\" : \"0000-00-00 00:00:00\", \"StorageCapacity\" : \"0x00000000\", \"UseCapacity\" : \"0x00000000\", \"bStart\" : \"0x00000000000000000000000000000000\" }, \"Ret\" : 100, \"SessionID\" : \"0x11111117\" }\n"
    Bytes: ["0x0668"]
"PK\u0003\u0004\u0014\u0000\u0000\u0000\b\u0000\u0000\u0000 \u0000\xC4\u0003#\"\u0018\u0000\u0000\u0000\u0016\u0000\u0000\u0000\u000F\u0000\u0000\u0000ProductType.ini\xF3\xF04654s\r340\x8875\xF002\xF0\x89\u000F6\xB6\u0000\u0000PK\u0003\u0004\u0014\u0000\u0000\u0000\b\u0000\u0000\u0000 \u00008B<\xAB>\u0000\u0000\u0000\x82\u0000\u0000\u0000\u000E\u0000\u0000\u0000General.custom\xAB\xE6RPPP\xF2\xC9ON,\xC9\xCC\xCFSR\xB0R\xA8\u0006\x89\x80\u0004]\x82C\\\xF3R\x90\x85@\xA2\x91\xA9\x89E 1#\u0003CK\xA8p\xAD\u000E\x92\x96\xE0\x92\u0122\u0012b4q\x81\x89Z.\u0000PK\u0003\u0004\u0014\u0000\u0000\u0000\b\u0000\u0000\u0000 \u0000\xBD\x91\xBD*\u001F\u0000\u0000\u0000,\u0000\u0000\u0000\u000E\u0000\u0000\u0000Produce.custom\xAB\xE6RPPP\nI-.QR\xB0R\xA8\u0006\xF1\x90\u0005\xD2\u0012s\x8ASA\x82\xB5\\\xB5\\\u0000PK\u0003\u0004\u0014\u0000\u0000\u0000\b\u0000\u0000\u0000 \u0000\x92\xE6s\x82\u0003\u0001\u0000\u0000<\u0003\u0000\u0000\r\u0000\u0000\u0000Camera.custom\x9D\x92\xB1N\xC30\u0010\x86\xF7<\x85\x95\xB9C\u0018X\u061A6\xB0$\xA8\"\x91\u0018\u0010BVr\x90\u0003\u05CE\xECK\x95\xA8\u02BB\u0013\x97@\u0003\xAD]\t/'\xFB\xFF}\xBE\xFB\xCE\xFB\x801\u0016n\xB8\xE6\u06D0\u0770'\xBB\u001D\xD7~\x8AV\\B\u000E\xD2 \xE1\u000E\xA9\xB7\xA6h1W\e\xD0\xD4j\xC8T\u0005V\f\xA3.\x9AV8\xF7\xC5\xE9\xEA\x92e\xCD\xFB{|\xABi\xA5\x84\xD2\u0017\x8C/\xF25\x85\u001D\x88\x93z\u05B2,j}r\x9C\x98\xBCn\x89\xC0\x9B7\xE9\u001Ae\xC6^~p\xCC0X=\u0005n\xA8\xC0\xAD\xAF\v\xEB\xCB\xD4y\xDB\xD15\u031F\xBD\xE3(]O.[RV\xFF\xDB\xD0\xF7\xBD\u00F9#\xEF\u0001\xA6\u0013\xD4\u0006K;\xB7[\x81\x8D\x8F\xC9d\xCBPk\xFFP\u001E\xE0\u001DJ\u001A\u04D5\u001F~\u028F5\u0012\xC4\\pY\xBA\b\r6>/\x8E\u007F3\xE9\\\xBF3\u058AW\x85\u0006Y\x99\u007F\xE2\xBBv\xF1\u02E9\u0017_\u0015R\xDF\xC0\xD5\xEF\xE2\x82!\xF8\u0004PK\u0003\u0004\u0014\u0000\u0000\u0000\b\u0000\u0000\u0000 \u0000\xACl\xA5\xA5.\u0001\u0000\u0000B\u0005\u0000\u0000\u000E\u0000\u0000\u0000NetWork.custom\xAB\xE6RPPP\xF2K-q\xCE\xCF\xCD\xCD\xCFSR\xB0R\xA8\u0006\t\x81D\xDD\u0013KR\xC3\u0013+AbJ\u0006\u0015\u0006\x86\u0006N\x8E\u0016\xCE\u0006J:0y\x8F\xFC\xE2\u0012\xCF\u0000\xA8\xB4\x99\v\xBA\xB4\xAF\xA33D\xCE\xC0\xCA\xD0\xC8\xCA\xD8\xD0\xCA\xC0\xC2*)\xC9\xCA\xD2\\\t\xA4\xA2V\af\xB3\x8B\x8B_0Ha4T#\xCC~\x904H\xCE;\u0015\xE2\x84h\xB8\xD1 \u0019\u05FC\u0124\x9CT\x90DIQi*\xB2\f\xC8Y~\x89\xB9`9\xA5*\u0014M\xC1\xA9Ee\xA9E\u021E\x84J8\xA6\xA4\u0014\xA5\u0016\u0017\u00FC\n\u0005\xC8z\xC1\x8E\x85\x99\x8A.\u0011\x90_T\u0002\x920@\b\xD7B\x99\xB5:\u0004\xBC\xA5\x84\xD3\xED\xA3N\u001FZN76'\xD9\u9E86FF\xA6F\u01A6&\xA6Fh*B\x8BS\x8B\xE0\xDA\xE7O\u0735m#\u0010;\e'\xADQ\xA2\u0537D\xE6\x9C]\xDB8L\x80\xB6Q1\"\u001D\xF3\xF2\xF3*s3K*\xB1\u060D\u0012Z\x8C\u0018\xC1\x95X\\\\\x9E_\x94\u0002\x96U %\u001D\x80\xE8XDQ\u0003)i\xE0%\u001C\x9A\xBB1J\xB8\xE0\x82\u0122T\u001C\x9E\u0003\u0017b\\\xB5\\\u0000PK\u0003\u0004\u0014\u0000\u0000\u0000\b\u0000\u0000\u0000 \u0000\xB2\n\x84\xF3`\u0001\u0000\u0000\x88\n\u0000\u0000\f\u0000\u0000\u0000AVEnc.custom\xED\x96\xCFO\xC20\u0014\xC7\xEF\xFB+\x96\x9E\u0017\xC3\u0016f\x8CG\u0010\xE4\xE0\x8F\xC9\f\u001E\x88\x87'\u0014m\u04B5\xA4{3\u001A\xB2\xFF][0t\xB6\u0010\u0012E/\xDBeY\xBF\u07FD\xF7\xFAY\xF7\xF2VA\u0018\x86d frNIx\u001EN\xF5\xF3\xE7\xB5\xDA\u0737j\x8E\x80l\x96\x81\x82\xC26:\xF6\xCDKW\xF4\x95rm\xEC\u0191#fJ.\u0018"
    Bytes: ["0x066c"]
"{ \"Name\" : \"OPMusicFileQuery\", \"OPMusicFileQuery\" : { \"Action\" : 0, \"FileName\" : [ \"\", \"\", \"\", \"\", \"\", \"\", \"\", \"\" ] }, \"Ret\" : 100, \"SessionID\" : \"0x11111117\" }\n"
    Bytes: ["0x066e"]
"{ \"Name\" : \"OPVersionRep\", \"Ret\" : 103, \"SessionID\" : \"0x11111117\", \"authorizeStat\" : null }\n"
    Bytes: ["0x0672"]
"{ \"Name\" : \"\", \"Ret\" : 0, \"SessionID\" : \"0x11111117\" }\n"
    Bytes: ["0x0674"]
"\uFEFF\r\nEvent.AlarmLocal=Local Alarm\r\nEvent.NetAbort=Net Disconnection\r\nEvent.VideoBlind=Video Blind\r\nEvent.VideoLoss=Video Loss\r\nEvent.VideoMotion=Motion Detect\r\nSMTP.AlarmBeginTime=Alarm Begin Time\r\nSMTP.AlarmEvent=Alarm event\r\nSMTP.AlarmInChannel=Alarm input channel No.\r\nSMTP.DeviceName=Alarm device name\r\nSMTP.EventEnd=End\r\nSMTP.EventStart=Start\r\nSMTP.SenderIP=Sender IP address\r\nSMTP.SnapChannel=Snapshot Channel\r\nEvent.NetIPConflict=IP Conflict\r\nEvent.StorageFailure=Storage Error\r\nEvent.StorageLowSpace=Storage No Space\r\nEvent.StorageNotExist=No Storage\r\nUserManager.PwdQuestions=Please select Question|What's your telephone number?|What's your Twitter account number?|What's your Facebook account number?|What's your Google Mailbox?|What's your Yahoo Mailbox?|What's your driver license ID?\r\nUserManager.ErrorNumber=You have been wrong for 6 times, please restart your device to continue operation\r\nUserManager.AnswerError=Wrong answer,please enter the correct answer\r\nAccountMSG.SetPasswordSucces"
    Bytes: ["0x0682"]
"{ \"Name\" : \"\", \"Ret\" : -1, \"SessionID\" : \"0x11111117\" }\n"
    Bytes: ["0x06ee"]

Bad Results
03f1 : Command Timeout
03fc : Command Timeout
041c : Command Timeout
0586 : Command Timeout
0598 : Command Timeout
059c : Command Timeout
05a4 : Command Length Zero
05aa : Command Timeout
05d2 : Command Length Zero
05f0 : Command Timeout
05f1 : Login EOF
061a : Command Length Zero
0622 : Command Length Zero
0626 : Command Length Zero
0636 : Command Timeout
065e : Command Timeout
0660 : Command Timeout
0662 : Command Timeout
0664 : Command Timeout
0665 : Command Timeout
0678 : Login Connection Refused
0679 : Login Connection Refused
067a : Login No Route
06e3 : Login Timeout
06ec : Command Timeout
06f0 : Command Timeout
