Command results: Started at 2019-04-04 23:27:11 -07:00
Total time: 00:10:34.579779000
"{ \"Name\" : \"SystemInfo\", \"Ret\" : 102, \"SessionID\" : \"0x11111117\" }\n"
    Bytes: ["0x0300", "0x0301", "0x0302", "0x0303", "0x0304", "0x0305", "0x0306", "0x0307", "0x0308", "0x0309", "0x030a", "0x030b", "0x030c", "0x030d", "0x030e", "0x030f", "0x0310", "0x0311", "0x0312", "0x0313", "0x0314", "0x0315", "0x0316", "0x0317", "0x0318", "0x0319", "0x031a", "0x031b", "0x031c", "0x031d", "0x031e", "0x031f", "0x0320", "0x0321", "0x0322", "0x0323", "0x0324", "0x0325", "0x0326", "0x0327", "0x0328", "0x0329", "0x032a", "0x032b", "0x032c", "0x032d", "0x032e", "0x032f", "0x0330", "0x0331", "0x0332", "0x0333", "0x0334", "0x0335", "0x0336", "0x0337", "0x0338", "0x0339", "0x033a", "0x033b", "0x033c", "0x033d", "0x033e", "0x033f", "0x0340", "0x0341", "0x0342", "0x0343", "0x0344", "0x0345", "0x0346", "0x0347", "0x0348", "0x0349", "0x034a", "0x034b", "0x034c", "0x034d", "0x034e", "0x034f", "0x0350", "0x0351", "0x0352", "0x0353", "0x0354", "0x0355", "0x0356", "0x0357", "0x0358", "0x0359", "0x035a", "0x035b", "0x035c", "0x035d", "0x035e", "0x035f", "0x0360", "0x0361", "0x0362", "0x0363", "0x0364", "0x0365", "0x0366", "0x0367", "0x0368", "0x0369", "0x036a", "0x036b", "0x036c", "0x036d", "0x036e", "0x036f", "0x0370", "0x0371", "0x0372", "0x0373", "0x0374", "0x0375", "0x0376", "0x0377", "0x0378", "0x0379", "0x037a", "0x037b", "0x037c", "0x037d", "0x037e", "0x037f", "0x0380", "0x0381", "0x0382", "0x0383", "0x0384", "0x0385", "0x0386", "0x0387", "0x0388", "0x0389", "0x038a", "0x038b", "0x038c", "0x038d", "0x038e", "0x038f", "0x0390", "0x0391", "0x0392", "0x0393", "0x0394", "0x0395", "0x0396", "0x0397", "0x0398", "0x0399", "0x039a", "0x039b", "0x039c", "0x039d", "0x039e", "0x039f", "0x03a0", "0x03a1", "0x03a2", "0x03a3", "0x03a4", "0x03a5", "0x03a6", "0x03a7", "0x03a8", "0x03a9", "0x03aa", "0x03ab", "0x03ac", "0x03ad", "0x03ae", "0x03af", "0x03b0", "0x03b1", "0x03b2", "0x03b3", "0x03b4", "0x03b5", "0x03b6", "0x03b7", "0x03b8", "0x03b9", "0x03ba", "0x03bb", "0x03bc", "0x03bd", "0x03be", "0x03bf", "0x03c0", "0x03c1", "0x03c2", "0x03c3", "0x03c4", "0x03c5", "0x03c6", "0x03c7", "0x03c8", "0x03c9", "0x03ca", "0x03cb", "0x03cc", "0x03cd", "0x03ce", "0x03cf", "0x03d0", "0x03d1", "0x03d2", "0x03d3", "0x03d4", "0x03d5", "0x03d6", "0x03d7", "0x03d8", "0x03d9", "0x03da", "0x03db", "0x03dc", "0x03dd", "0x03de", "0x03df", "0x03e0", "0x03e1", "0x03e2", "0x03e3", "0x03e4", "0x03e5", "0x03e6", "0x03e7", "0x03e9", "0x03eb", "0x03ed", "0x03ef", "0x03f0", "0x03f3", "0x03f4", "0x03f5", "0x03f6", "0x03f7", "0x03f8", "0x03f9", "0x03fa", "0x03fb", "0x03fd", "0x03fe", "0x03ff", "0x0400", "0x0401", "0x0402", "0x0403", "0x0404", "0x0405", "0x0406", "0x0407", "0x0408", "0x0409", "0x040a", "0x040b", "0x040c", "0x040d", "0x040e", "0x040f", "0x0411", "0x0413", "0x0415", "0x0417", "0x0419", "0x041b", "0x041d", "0x041f", "0x0420", "0x0421", "0x0422", "0x0423", "0x0424", "0x0425", "0x0426", "0x0427", "0x0428", "0x0429", "0x042a", "0x042b", "0x042c", "0x042d", "0x042e", "0x042f", "0x0430", "0x0431", "0x0432", "0x0433", "0x0434", "0x0435", "0x0436", "0x0437", "0x0438", "0x0439", "0x043a", "0x043b", "0x043c", "0x043d", "0x043e", "0x043f", "0x0440", "0x0441", "0x0442", "0x0443", "0x0444", "0x0445", "0x0446", "0x0447", "0x0448", "0x0449", "0x044a", "0x044b", "0x044c", "0x044d", "0x044e", "0x044f", "0x0450", "0x0451", "0x0452", "0x0453", "0x0454", "0x0455", "0x0456", "0x0457", "0x0458", "0x0459", "0x045a", "0x045b", "0x045c", "0x045d", "0x045e", "0x045f", "0x0460", "0x0461", "0x0462", "0x0463", "0x0464", "0x0465", "0x0466", "0x0467", "0x0468", "0x0469", "0x046a", "0x046b", "0x046c", "0x046d", "0x046e", "0x046f", "0x0470", "0x0471", "0x0472", "0x0473", "0x0474", "0x0475", "0x0476", "0x0477", "0x0478", "0x0479", "0x047a", "0x047b", "0x047c", "0x047d", "0x047e", "0x047f", "0x0480", "0x0481", "0x0482", "0x0483", "0x0484", "0x0485", "0x0486", "0x0487", "0x0488", "0x0489", "0x048a", "0x048b", "0x048c", "0x048d", "0x048e", "0x048f", "0x0490", "0x0491", "0x0492", "0x0493", "0x0494", "0x0495", "0x0496", "0x0497", "0x0498", "0x0499", "0x049a", "0x049b", "0x049c", "0x049d", "0x049e", "0x049f", "0x04a0", "0x04a1", "0x04a2", "0x04a3", "0x04a4", "0x04a5", "0x04a6", "0x04a7", "0x04a8", "0x04a9", "0x04aa", "0x04ab", "0x04ac", "0x04ad", "0x04ae", "0x04af", "0x04b0", "0x04b1", "0x04b2", "0x04b3", "0x04b4", "0x04b5", "0x04b6", "0x04b7", "0x04b8", "0x04b9", "0x04ba", "0x04bb", "0x04bc", "0x04bd", "0x04be", "0x04bf", "0x04c0", "0x04c1", "0x04c2", "0x04c3", "0x04c4", "0x04c5", "0x04c6", "0x04c7", "0x04c8", "0x04c9", "0x04ca", "0x04cb", "0x04cc", "0x04cd", "0x04ce", "0x04cf", "0x04d0", "0x04d1", "0x04d2", "0x04d3", "0x04d4", "0x04d5", "0x04d6", "0x04d7", "0x04d8", "0x04d9", "0x04da", "0x04db", "0x04dc", "0x04dd", "0x04de", "0x04df", "0x04e0", "0x04e1", "0x04e2", "0x04e3", "0x04e4", "0x04e5", "0x04e6", "0x04e7", "0x04e8", "0x04e9", "0x04ea", "0x04eb", "0x04ec", "0x04ed", "0x04ee", "0x04ef", "0x04f0", "0x04f1", "0x04f2", "0x04f3", "0x04f4", "0x04f5", "0x04f6", "0x04f7", "0x04f8", "0x04f9", "0x04fa", "0x04fb", "0x04fc", "0x04fd", "0x04fe", "0x04ff", "0x0500", "0x0501", "0x0502", "0x0503", "0x0504", "0x0505", "0x0506", "0x0507", "0x0508", "0x0509", "0x050a", "0x050b", "0x050c", "0x050d", "0x050e", "0x050f", "0x0510", "0x0511", "0x0512", "0x0513", "0x0514", "0x0515", "0x0516", "0x0517", "0x0518", "0x0519", "0x051a", "0x051b", "0x051c", "0x051d", "0x051e", "0x051f", "0x0520", "0x0521", "0x0522", "0x0523", "0x0524", "0x0525", "0x0526", "0x0527", "0x0528", "0x0529", "0x052a", "0x052b", "0x052c", "0x052d", "0x052e", "0x052f", "0x0530", "0x0531", "0x0532", "0x0533", "0x0534", "0x0535", "0x0536", "0x0537", "0x0538", "0x0539", "0x053a", "0x053b", "0x053c", "0x053d", "0x053e", "0x053f", "0x0540", "0x0541", "0x0542", "0x0543", "0x0544", "0x0545", "0x0546", "0x0547", "0x0548", "0x0549", "0x054a", "0x054b", "0x054c", "0x054d", "0x054e", "0x054f", "0x0551", "0x0552", "0x0553", "0x0554", "0x0555", "0x0556", "0x0557", "0x0558", "0x0559", "0x055a", "0x055b", "0x055c", "0x055d", "0x055e", "0x055f", "0x0560", "0x0561", "0x0562", "0x0563", "0x0564", "0x0565", "0x0566", "0x0567", "0x0568", "0x0569", "0x056a", "0x056b", "0x056c", "0x056d", "0x056e", "0x056f", "0x0570", "0x0571", "0x0572", "0x0573", "0x0574", "0x0575", "0x0576", "0x0577", "0x0579", "0x057a", "0x057b", "0x057c", "0x057d", "0x057e", "0x057f", "0x0580", "0x0581", "0x0583", "0x0584", "0x0587", "0x0588", "0x0589", "0x058a", "0x058b", "0x058d", "0x058e", "0x058f", "0x0592", "0x0593", "0x0594", "0x0595", "0x0597", "0x0599", "0x059d", "0x059e", "0x059f", "0x05a1", "0x05a3", "0x05a5", "0x05a7", "0x05a9", "0x05ab", "0x05ad", "0x05ae", "0x05af", "0x05b0", "0x05b1", "0x05b2", "0x05b3", "0x05b5", "0x05b6", "0x05b7", "0x05b8", "0x05b9", "0x05ba", "0x05bb", "0x05bc", "0x05bd", "0x05bf", "0x05c1", "0x05c3", "0x05c5", "0x05c7", "0x05c9", "0x05cb", "0x05cd", "0x05cf", "0x05d1", "0x05d3", "0x05d4", "0x05d5", "0x05d6", "0x05d7", "0x05d8", "0x05d9", "0x05da", "0x05db", "0x05dd", "0x05df", "0x05e1", "0x05e3", "0x05e4", "0x05e5", "0x05e6", "0x05e7", "0x05e8", "0x05e9", "0x05ea", "0x05eb", "0x05ec", "0x05ed", "0x05ee", "0x05ef", "0x05f1", "0x05f3", "0x05f6", "0x05f7", "0x05f8", "0x05f9", "0x05fa", "0x05fb", "0x05fc", "0x05fd", "0x05fe", "0x05ff", "0x0600", "0x0601", "0x0602", "0x0603", "0x0605", "0x0607", "0x0609", "0x060a", "0x060b", "0x060c", "0x060d", "0x060f", "0x0610", "0x0611", "0x0612", "0x0613", "0x0614", "0x0615", "0x0616", "0x0617", "0x0619", "0x061b", "0x061c", "0x061d", "0x061e", "0x061f", "0x0620", "0x0621", "0x0623", "0x0625", "0x0627", "0x0629", "0x062b", "0x062d", "0x062f", "0x0630", "0x0631", "0x0632", "0x0633", "0x0634", "0x0635", "0x0637", "0x0638", "0x0639", "0x063a", "0x063b", "0x063c", "0x063d", "0x063e", "0x063f", "0x0641", "0x0642", "0x0643", "0x0644", "0x0645", "0x0646", "0x0647", "0x0648", "0x0649", "0x064b", "0x064d", "0x064e", "0x064f", "0x0650", "0x0651", "0x0652", "0x0653", "0x0654", "0x0655", "0x0656", "0x0657", "0x0658", "0x0659", "0x065a", "0x065b", "0x065c", "0x065d", "0x065f", "0x0661", "0x0663", "0x0665", "0x0667", "0x0669", "0x066b", "0x066d", "0x066f", "0x0671", "0x0673", "0x0675", "0x0677", "0x067b", "0x067c", "0x067d", "0x067e", "0x067f", "0x0680", "0x0681", "0x0683", "0x0685", "0x0686", "0x0687", "0x0688", "0x0689", "0x068a", "0x068b", "0x068c", "0x068d", "0x068e", "0x068f", "0x0690", "0x0691", "0x0692", "0x0693", "0x0694", "0x0695", "0x0696", "0x0697", "0x0698", "0x0699", "0x069a", "0x069b", "0x069c", "0x069d", "0x069e", "0x069f", "0x06a0", "0x06a1", "0x06a2", "0x06a3", "0x06a4", "0x06a5", "0x06a6", "0x06a7", "0x06a8", "0x06a9", "0x06aa", "0x06ab", "0x06ac", "0x06ad", "0x06ae", "0x06af", "0x06b0", "0x06b1", "0x06b2", "0x06b3", "0x06b4", "0x06b5", "0x06b6", "0x06b7", "0x06b8", "0x06b9", "0x06ba", "0x06bb", "0x06bc", "0x06bd", "0x06be", "0x06bf", "0x06c0", "0x06c1", "0x06c2", "0x06c3", "0x06c4", "0x06c5", "0x06c6", "0x06c7", "0x06c8", "0x06c9", "0x06ca", "0x06cb", "0x06cc", "0x06cd", "0x06ce", "0x06cf", "0x06d0", "0x06d1", "0x06d2", "0x06d3", "0x06d4", "0x06d5", "0x06d6", "0x06d7", "0x06d8", "0x06d9", "0x06da", "0x06db", "0x06dc", "0x06dd", "0x06de", "0x06df", "0x06e0", "0x06e1", "0x06e2", "0x06e3", "0x06e4", "0x06e5", "0x06e6", "0x06e7", "0x06e8", "0x06e9", "0x06eb", "0x06ed", "0x06ef", "0x06f1", "0x06f2", "0x06f3", "0x06f4", "0x06f5", "0x06f6", "0x06f7", "0x06f8", "0x06f9", "0x06fa", "0x06fb", "0x06fc", "0x06fd", "0x06fe", "0x06ff"]
"{ \"AliveInterval\" : 0, \"ChannelNum\" : 0, \"DeviceType \" : \"DVR\", \"ExtraChannel\" : 10665052, \"Ret\" : 205, \"SessionID\" : \"0x00000176\" }\n"
    Bytes: ["0x03e8"]
"{ \"Name\" : \"\", \"Ret\" : 100, \"SessionID\" : \"0x11111117\" }\n"
    Bytes: ["0x03ea", "0x0410", "0x0416", "0x041a", "0x0578", "0x05dc", "0x05de", "0x05e0", "0x0624", "0x0628", "0x062a", "0x064a", "0x064c", "0x0670", "0x0676", "0x0684", "0x06ea"]
"{ \"Name\" : \"\", \"SessionID\" : \"0x11111117\" }\n"
    Bytes: ["0x03ec"]
"{ \"Name\" : \"KeepAlive\", \"Ret\" : 100, \"SessionID\" : \"0x11111117\" }\n"
    Bytes: ["0x03ee"]
"{ \"Name\" : \"\", \"Ret\" : 102, \"SessionID\" : \"0x11111117\" }\n"
    Bytes: ["0x03f2"]
"{ \"Name\" : \"SystemInfo\", \"Ret\" : 100, \"SessionID\" : \"0x11111117\", \"SystemInfo\" : { \"AlarmInChannel\" : 1, \"AlarmOutChannel\" : 1, \"AudioInChannel\" : 1, \"BuildTime\" : \"2018-08-29 09:00:36\", \"CombineSwitch\" : 0, \"DeviceModel\" : \"\", \"DeviceRunTime\" : \"0x000031C4\", \"DeviceType\" : 0, \"DigChannel\" : 0, \"EncryptVersion\" : \"Unknown\", \"ExtraChannel\" : 0, \"HardWare\" : \"HI3516EV100_50H20L_S38\", \"HardWareVersion\" : \"Unknown\", \"SerialNo\" : \"41e6853ada5e9323\", \"SoftWareVersion\" : \"V4.02.R12.00035520.12012.047500.00200\", \"TalkInChannel\" : 1, \"TalkOutChannel\" : 1, \"UpdataTime\" : \"\", \"UpdataType\" : \"0x00000000\", \"VideoInChannel\" : 1, \"VideoOutChannel\" : 1 } }\n"
    Bytes: ["0x03fc"]
"{ \"Name\" : \"\", \"Ret\" : 607, \"SessionID\" : \"0x11111117\" }\n"
    Bytes: ["0x0412"]
"{ \"Name\" : \"SystemInfo\", \"Ret\" : 100, \"SessionID\" : \"0x11111117\", \"SystemInfo\" : null }\n"
    Bytes: ["0x0414"]
"{ \"Name\" : \"SystemInfo\", \"Ret\" : 100, \"SessionID\" : \"0x11111117\", \"SystemInfo\" : [ \"\" ] }\n"
    Bytes: ["0x0418"]
"{ \"Name\" : \"\", \"Ret\" : 117, \"SessionID\" : \"0x11111117\" }\n"
    Bytes: ["0x041e"]
"{ \"Name\" : \"\", \"Ret\" : 101, \"SessionID\" : \"0x11111117\" }\n"
    Bytes: ["0x0550", "0x05c4", "0x05c6", "0x05c8", "0x05ca", "0x05cc", "0x05ce", "0x066a"]
"{ \"Name\" : \"OPMonitor\", \"Ret\" : 103, \"SessionID\" : \"0x11111117\" }\n"
    Bytes: ["0x0582", "0x0585"]
"{ \"Name\" : \"OPPlayBack\", \"Ret\" : 100, \"SessionID\" : \"0x11111117\" }\n"
    Bytes: ["0x058c", "0x0591"]
"{ \"Name\" : \"OPPlayBack\", \"Ret\" : 103, \"SessionID\" : \"0x11111117\" }\n"
    Bytes: ["0x0590"]
"{ \"Name\" : \"OPTalk\", \"Ret\" : 504, \"SessionID\" : \"0x11111117\" }\n"
    Bytes: ["0x0596"]
"{ \"Name\" : \"OPTalk\", \"Ret\" : 103, \"SessionID\" : \"0x11111117\" }\n"
    Bytes: ["0x059a", "0x059b"]
"{ \"Name\" : \"\", \"Ret\" : 119, \"SessionID\" : \"0x11111117\" }\n"
    Bytes: ["0x05a0"]
"{ \"Name\" : \"OPLogQuery\", \"OPLogQuery\" : null, \"Ret\" : 100, \"SessionID\" : \"0x11111117\" }\n"
    Bytes: ["0x05a2"]
"{ \"Name\" : \"OPSCalendar\", \"OPSCalendar\" : { \"Mask\" : 0 }, \"Ret\" : 100, \"SessionID\" : \"0x11111117\" }\n"
    Bytes: ["0x05a6"]
"{ \"Name\" : \"\", \"Ret\" : 109, \"SessionID\" : \"0x11111117\" }\n"
    Bytes: ["0x05a8"]
"{ \"Name\" : \"OPTimeQuery\", \"OPTimeQuery\" : \"2019-03-08 11:26:32\", \"Ret\" : 100, \"SessionID\" : \"0x11111117\" }\n"
    Bytes: ["0x05ac"]
"{ \"Name\" : \"\", \"Ret\" : 103, \"SessionID\" : \"0x11111117\" }\n"
    Bytes: ["0x05b4", "0x05f4", "0x062c", "0x062e", "0x0640"]
"{ \"AuthorityList\" : [ \"ShutDown\", \"ChannelTitle\", \"RecordConfig\", \"Backup\", \"StorageManager\", \"Account\", \"SysInfo\", \"QueryLog\", \"DelLog\", \"SysUpgrade\", \"AutoMaintain\", \"TourConfig\", \"TVadjustConfig\", \"GeneralConfig\", \"EncodeConfig\", \"CommConfig\", \"NetConfig\", \"AlarmConfig\", \"VideoConfig\", \"PtzConfig\", \"PTZControl\", \"DefaultConfig\", \"Talk_01\", \"IPCCamera\", \"ImExport\", \"Monitor_01\", \"Replay_01\" ], \"Ret\" : 100, \"SessionID\" : \"0x11111117\" }\n"
    Bytes: ["0x05be"]
"{ \"Ret\" : 100, \"SessionID\" : \"0x11111117\", \"Users\" : [ { \"AuthorityList\" : [ \"ShutDown\", \"ChannelTitle\", \"RecordConfig\", \"Backup\", \"StorageManager\", \"Account\", \"SysInfo\", \"QueryLog\", \"DelLog\", \"SysUpgrade\", \"AutoMaintain\", \"TourConfig\", \"TVadjustConfig\", \"GeneralConfig\", \"EncodeConfig\", \"CommConfig\", \"NetConfig\", \"AlarmConfig\", \"VideoConfig\", \"PtzConfig\", \"PTZControl\", \"DefaultConfig\", \"Talk_01\", \"IPCCamera\", \"ImExport\", \"Monitor_01\", \"Replay_01\" ], \"Group\" : \"admin\", \"Memo\" : \"admin 's account\", \"Name\" : \"admin\", \"NoMD5\" : null, \"Password\" : \"mF95aD4o\", \"Reserved\" : true, \"Sharable\" : true }, { \"AuthorityList\" : [ \"Monitor_01\" ], \"Group\" : \"user\", \"Memo\" : \"default account\", \"Name\" : \"default\", \"NoMD5\" : null, \"Password\" : \"OxhlwSG8\", \"Reserved\" : false, \"Sharable\" : false } ] }\n"
    Bytes: ["0x05c0"]
"{ \"Groups\" : [ { \"AuthorityList\" : [ \"ShutDown\", \"ChannelTitle\", \"RecordConfig\", \"Backup\", \"StorageManager\", \"Account\", \"SysInfo\", \"QueryLog\", \"DelLog\", \"SysUpgrade\", \"AutoMaintain\", \"TourConfig\", \"TVadjustConfig\", \"GeneralConfig\", \"EncodeConfig\", \"CommConfig\", \"NetConfig\", \"AlarmConfig\", \"VideoConfig\", \"PtzConfig\", \"PTZControl\", \"DefaultConfig\", \"Talk_01\", \"IPCCamera\", \"ImExport\", \"Monitor_01\", \"Replay_01\" ], \"Memo\" : \"administrator group\", \"Name\" : \"admin\" }, { \"AuthorityList\" : [ \"Monitor_01\", \"Replay_01\" ], \"Memo\" : \"user group\", \"Name\" : \"user\" } ], \"Ret\" : 100, \"SessionID\" : \"0x11111117\" }\n"
    Bytes: ["0x05c2"]
"{ \"Name\" : \"\", \"Ret\" : 106, \"SessionID\" : \"0x11111117\" }\n"
    Bytes: ["0x05d0"]
"{ \"Name\" : \"OPNetAlarm\", \"Ret\" : 100, \"SessionID\" : \"0x11111117\" }\n"
    Bytes: ["0x05e2"]
"{ \"Name\" : \"\", \"Ret\" : 512, \"SessionID\" : \"0x11111117\" }\n"
    Bytes: ["0x05f2"]
"{ \"Name\" : \"OPSystemUpgrade\", \"OPSystemUpgrade\" : { \"Hardware\" : \"HI3516EV100_50H20L_S38\", \"LogoArea\" : { \"Begin\" : \"0x80770000\", \"End\" : \"0x80780000\" }, \"LogoPartType\" : \"\", \"Serial\" : \"\", \"Vendor\" : \"General\" }, \"Ret\" : 100, \"SessionID\" : \"0x11111117\" }\n"
    Bytes: ["0x05f5"]
"{ \"Name\" : \"\", \"Ret\" : 601, \"SessionID\" : \"0x11111117\" }\n"
    Bytes: ["0x0604"]
BINARY FILE "PK\u0003\u0004\u0014\u0000\u0000\u0000\b\u0000\u0000\u0000 \u0000\u000FiP\xB9\a\u0000\u0000"
    Bytes: ["0x0606"]
BINARY FILE "PK\u0003\u0004\u0014\u0000\u0000\u0000\b\u0000\u0000\u0000 \u0000\xA5:\x89\xE2\xF8\t\u0000"
    Bytes: ["0x0608"]
"{ \"Name\" : \"OPNetKeyboard\", \"Ret\" : 100, \"SessionID\" : \"0x11111117\" }\n"
    Bytes: ["0x060e"]
BINARY FILE "\xFF\xD8\xFF\xE0\u0000\u0010JFIF\u0000\u0001\u0001\u0000\u0000\u0001\u0000\u0001\u0000\u0000\xFF"
    Bytes: ["0x0618"]
BINARY FILE "{ \"command\" : \"sync\","
    Bytes: ["0x0666"]
"{ \"Name\" : \"OPNetSerach\", \"OPNetSerach\" : { \"BeginTime\" : \"0000-00-00 00:00:00\", \"EndTime\" : \"0000-00-00 00:00:00\", \"StorageCapacity\" : \"0x00000000\", \"UseCapacity\" : \"0x00000000\", \"bStart\" : \"0x00000000000000000000000000000000\" }, \"Ret\" : 100, \"SessionID\" : \"0x11111117\" }\n"
    Bytes: ["0x0668"]
BINARY FILE "PK\u0003\u0004\u0014\u0000\u0000\u0000\b\u0000\u0000\u0000 \u0000\xC4\u0003#\"\u0018\u0000\u0000"
    Bytes: ["0x066c"]
"{ \"Name\" : \"OPMusicFileQuery\", \"OPMusicFileQuery\" : { \"Action\" : 0, \"FileName\" : [ \"\", \"\", \"\", \"\", \"\", \"\", \"\", \"\" ] }, \"Ret\" : 100, \"SessionID\" : \"0x11111117\" }\n"
    Bytes: ["0x066e"]
"{ \"Name\" : \"SystemInfo\", \"Ret\" : 103, \"SessionID\" : \"0x11111117\", \"authorizeStat\" : null }\n"
    Bytes: ["0x0672"]
"{ \"Name\" : \"\", \"Ret\" : 0, \"SessionID\" : \"0x11111117\" }\n"
    Bytes: ["0x0674"]
"\uFEFF\r\nEvent.AlarmLocal=Local Alarm\r\nEvent.NetAbort=Net Disconnection\r\nEvent.VideoBlind=Video Blind\r\nEvent.VideoLoss=Video Loss\r\nEvent.VideoMotion=Motion Detect\r\nSMTP.AlarmBeginTime=Alarm Begin Time\r\nSMTP.AlarmEvent=Alarm event\r\nSMTP.AlarmInChannel=Alarm input channel No.\r\nSMTP.DeviceName=Alarm device name\r\nSMTP.EventEnd=End\r\nSMTP.EventStart=Start\r\nSMTP.SenderIP=Sender IP address\r\nSMTP.SnapChannel=Snapshot Channel\r\nEvent.NetIPConflict=IP Conflict\r\nEvent.StorageFailure=Storage Error\r\nEvent.StorageLowSpace=Storage No Space\r\nEvent.StorageNotExist=No Storage\r\nUserManager.PwdQuestions=Please select Question|What's your telephone number?|What's your Twitter account number?|What's your Facebook account number?|What's your Google Mailbox?|What's your Yahoo Mailbox?|What's your driver license ID?\r\nUserManager.ErrorNumber=You have been wrong for 6 times, please restart your device to continue operation\r\nUserManager.AnswerError=Wrong answer,please enter the correct answer\r\nAccountMSG.SetPasswordSuccess=Set Password Success\r\nAccountMSG.Failed=Operation Failed.\r\nUserManager.PasswordSetTip=Please modify the password\r\nFeedAlarm.FoodNormal=Feeding success\r\nFeedAlarm.FoodShortage=Failed to feed, no food\r\nFeedAlarm.FoodClogging=Food clogging\r\nFeedAlarm.Feeded=Feeded:\r\nFeedAlarm.NotFeed=Not Feeded:\r\n"
    Bytes: ["0x0682"]
"{ \"Name\" : \"\", \"Ret\" : -1, \"SessionID\" : \"0x11111117\" }\n"
    Bytes: ["0x06ee"]

Bad Results
03f1 : Command Timeout
041c : Command Timeout
0586 : Command Timeout
0598 : Command Timeout
059c : Command Timeout
05a4 : Command Length Zero
05aa : Command Timeout
05d2 : Command Length Zero
05f0 : Login EOF
05f1 : Login EOF
061a : Command Length Zero
0622 : Command Length Zero
0626 : Command Length Zero
0636 : Command Timeout
065e : Command Timeout
0660 : Command Timeout
0662 : Command Timeout
0664 : Command Timeout
0678 : Login Connection Refused
0679 : Login Connection Refused
067a : Login No Route
067b : Login No Route
06ec : Command Timeout
06f0 : Command Timeout
